Installed PyTorch version 2.8.0+cu126 is not TorchScript supported in PhysicsNeMo. Version 2.1.0a0+4136153 is officially supported.
attempting to restore from: /content/PhysicsNemo_DeepONet/Anti_derivative_DeepONet/outputs
optimizer checkpoint not found
model deepo.0.pth not found
[step:          0] record constraint batch time:  2.493e-01s
[step:          0] record validators time:  6.426e-02s
[step:          0] saved checkpoint to /content/PhysicsNemo_DeepONet/Anti_derivative_DeepONet/outputs
[step:          0] loss:  1.810e+03
Attempting cuda graph building, this may take a bit...
[step:        100] loss:  1.904e+01, time/iteration:  1.704e+02 ms
[step:        200] loss:  1.570e+01, time/iteration:  5.792e+01 ms
[step:        300] loss:  4.027e+00, time/iteration:  5.878e+01 ms
[step:        400] loss:  2.092e+00, time/iteration:  5.937e+01 ms
[step:        500] loss:  9.234e-01, time/iteration:  5.920e+01 ms
[step:        600] loss:  1.380e+00, time/iteration:  6.010e+01 ms
[step:        700] loss:  8.087e-01, time/iteration:  5.990e+01 ms
[step:        800] loss:  3.825e+00, time/iteration:  6.134e+01 ms
[step:        900] loss:  2.833e-01, time/iteration:  6.461e+01 ms
[step:       1000] record constraint batch time:  2.428e-01s
[step:       1000] record validators time:  4.612e-02s
[step:       1000] saved checkpoint to /content/PhysicsNemo_DeepONet/Anti_derivative_DeepONet/outputs
[step:       1000] loss:  4.082e-01, time/iteration:  6.549e+01 ms
[step:       1100] loss:  3.831e-01, time/iteration:  6.240e+01 ms
[step:       1200] loss:  2.830e-01, time/iteration:  6.130e+01 ms
[step:       1300] loss:  2.087e-01, time/iteration:  6.278e+01 ms
[step:       1400] loss:  4.632e-01, time/iteration:  6.109e+01 ms
[step:       1500] loss:  1.536e+00, time/iteration:  6.288e+01 ms
[step:       1600] loss:  9.707e-01, time/iteration:  6.219e+01 ms
[step:       1700] loss:  1.434e-01, time/iteration:  6.418e+01 ms
[step:       1800] loss:  1.838e-01, time/iteration:  6.177e+01 ms
[step:       1900] loss:  1.320e-01, time/iteration:  6.341e+01 ms
[step:       2000] record constraint batch time:  2.306e-01s
[step:       2000] record validators time:  4.264e-02s
[step:       2000] saved checkpoint to /content/PhysicsNemo_DeepONet/Anti_derivative_DeepONet/outputs
[step:       2000] loss:  8.340e-02, time/iteration:  6.444e+01 ms
[step:       2100] loss:  9.585e-02, time/iteration:  6.280e+01 ms
[step:       2200] loss:  7.048e-02, time/iteration:  6.132e+01 ms
[step:       2300] loss:  6.586e-02, time/iteration:  6.291e+01 ms
[step:       2400] loss:  6.014e-02, time/iteration:  6.098e+01 ms
[step:       2500] loss:  5.498e-02, time/iteration:  6.236e+01 ms
[step:       2600] loss:  5.042e-02, time/iteration:  6.103e+01 ms
[step:       2700] loss:  4.488e-02, time/iteration:  6.337e+01 ms
[step:       2800] loss:  4.585e-02, time/iteration:  6.097e+01 ms
[step:       2900] loss:  4.223e-02, time/iteration:  6.281e+01 ms
[step:       3000] record constraint batch time:  2.280e-01s
[step:       3000] record validators time:  3.507e-02s
[step:       3000] saved checkpoint to /content/PhysicsNemo_DeepONet/Anti_derivative_DeepONet/outputs
[step:       3000] loss:  4.893e-02, time/iteration:  6.418e+01 ms
[step:       3100] loss:  2.269e-02, time/iteration:  6.286e+01 ms
[step:       3200] loss:  1.770e-02, time/iteration:  6.084e+01 ms
[step:       3300] loss:  1.542e-02, time/iteration:  6.264e+01 ms
[step:       3400] loss:  1.261e-02, time/iteration:  6.085e+01 ms
[step:       3500] loss:  1.350e-02, time/iteration:  6.260e+01 ms
[step:       3600] loss:  8.628e-03, time/iteration:  6.099e+01 ms
[step:       3700] loss:  7.938e-03, time/iteration:  6.239e+01 ms
[step:       3800] loss:  7.393e-03, time/iteration:  6.114e+01 ms
[step:       3900] loss:  7.827e-03, time/iteration:  6.206e+01 ms
[step:       4000] record constraint batch time:  3.183e-01s
[step:       4000] record validators time:  4.644e-02s
[step:       4000] saved checkpoint to /content/PhysicsNemo_DeepONet/Anti_derivative_DeepONet/outputs
[step:       4000] loss:  7.332e-03, time/iteration:  6.610e+01 ms
[step:       4100] loss:  6.912e-03, time/iteration:  6.168e+01 ms
[step:       4200] loss:  6.576e-03, time/iteration:  6.219e+01 ms
[step:       4300] loss:  6.701e-03, time/iteration:  6.144e+01 ms
[step:       4400] loss:  6.390e-03, time/iteration:  6.244e+01 ms
[step:       4500] loss:  6.146e-03, time/iteration:  6.132e+01 ms
[step:       4600] loss:  6.139e-03, time/iteration:  6.297e+01 ms
[step:       4700] loss:  5.932e-03, time/iteration:  6.076e+01 ms
[step:       4800] loss:  5.865e-03, time/iteration:  6.261e+01 ms
[step:       4900] loss:  5.708e-03, time/iteration:  6.094e+01 ms
[step:       5000] record constraint batch time:  2.359e-01s
[step:       5000] record validators time:  4.071e-02s
[step:       5000] saved checkpoint to /content/PhysicsNemo_DeepONet/Anti_derivative_DeepONet/outputs
[step:       5000] loss:  5.659e-03, time/iteration:  6.658e+01 ms
[step:       5100] loss:  5.558e-03, time/iteration:  6.102e+01 ms
[step:       5200] loss:  5.472e-03, time/iteration:  6.281e+01 ms
[step:       5300] loss:  5.393e-03, time/iteration:  6.100e+01 ms
[step:       5400] loss:  5.334e-03, time/iteration:  6.288e+01 ms
[step:       5500] loss:  5.282e-03, time/iteration:  6.100e+01 ms
[step:       5600] loss:  5.234e-03, time/iteration:  6.291e+01 ms
[step:       5700] loss:  5.098e-03, time/iteration:  6.076e+01 ms
[step:       5800] loss:  5.042e-03, time/iteration:  6.261e+01 ms
[step:       5900] loss:  4.999e-03, time/iteration:  6.097e+01 ms
[step:       6000] record constraint batch time:  2.429e-01s
[step:       6000] record validators time:  3.823e-02s
[step:       6000] saved checkpoint to /content/PhysicsNemo_DeepONet/Anti_derivative_DeepONet/outputs
[step:       6000] loss:  4.949e-03, time/iteration:  6.651e+01 ms
[step:       6100] loss:  4.916e-03, time/iteration:  6.111e+01 ms
[step:       6200] loss:  4.881e-03, time/iteration:  6.275e+01 ms
[step:       6300] loss:  4.847e-03, time/iteration:  6.078e+01 ms
[step:       6400] loss:  4.815e-03, time/iteration:  6.301e+01 ms
[step:       6500] loss:  4.780e-03, time/iteration:  6.103e+01 ms
[step:       6600] loss:  4.748e-03, time/iteration:  6.289e+01 ms
[step:       6700] loss:  4.717e-03, time/iteration:  6.083e+01 ms
[step:       6800] loss:  4.684e-03, time/iteration:  6.280e+01 ms
[step:       6900] loss:  4.646e-03, time/iteration:  6.075e+01 ms
[step:       7000] record constraint batch time:  2.520e-01s
[step:       7000] record validators time:  4.844e-02s
[step:       7000] saved checkpoint to /content/PhysicsNemo_DeepONet/Anti_derivative_DeepONet/outputs
[step:       7000] loss:  4.613e-03, time/iteration:  6.704e+01 ms
[step:       7100] loss:  4.583e-03, time/iteration:  6.164e+01 ms
[step:       7200] loss:  4.556e-03, time/iteration:  6.207e+01 ms
[step:       7300] loss:  4.530e-03, time/iteration:  6.178e+01 ms
[step:       7400] loss:  4.507e-03, time/iteration:  6.224e+01 ms
[step:       7500] loss:  4.485e-03, time/iteration:  6.240e+01 ms
[step:       7600] loss:  4.466e-03, time/iteration:  6.162e+01 ms
[step:       7700] loss:  4.447e-03, time/iteration:  6.264e+01 ms
[step:       7800] loss:  4.430e-03, time/iteration:  6.147e+01 ms
[step:       7900] loss:  4.415e-03, time/iteration:  6.265e+01 ms
[step:       8000] record constraint batch time:  2.301e-01s
[step:       8000] record validators time:  3.754e-02s
[step:       8000] saved checkpoint to /content/PhysicsNemo_DeepONet/Anti_derivative_DeepONet/outputs
[step:       8000] loss:  4.400e-03, time/iteration:  6.468e+01 ms
[step:       8100] loss:  4.387e-03, time/iteration:  6.287e+01 ms
[step:       8200] loss:  4.374e-03, time/iteration:  6.076e+01 ms
[step:       8300] loss:  4.362e-03, time/iteration:  6.277e+01 ms
[step:       8400] loss:  4.352e-03, time/iteration:  6.103e+01 ms
[step:       8500] loss:  4.342e-03, time/iteration:  6.307e+01 ms
[step:       8600] loss:  4.332e-03, time/iteration:  6.091e+01 ms
[step:       8700] loss:  4.324e-03, time/iteration:  6.323e+01 ms
[step:       8800] loss:  4.316e-03, time/iteration:  6.089e+01 ms
[step:       8900] loss:  4.308e-03, time/iteration:  6.299e+01 ms
[step:       9000] record constraint batch time:  2.345e-01s
[step:       9000] record validators time:  4.056e-02s
[step:       9000] saved checkpoint to /content/PhysicsNemo_DeepONet/Anti_derivative_DeepONet/outputs
[step:       9000] loss:  4.301e-03, time/iteration:  6.476e+01 ms
[step:       9100] loss:  4.295e-03, time/iteration:  6.278e+01 ms
[step:       9200] loss:  4.289e-03, time/iteration:  6.098e+01 ms
[step:       9300] loss:  4.284e-03, time/iteration:  6.281e+01 ms
[step:       9400] loss:  4.278e-03, time/iteration:  6.098e+01 ms
[step:       9500] loss:  4.274e-03, time/iteration:  6.307e+01 ms
[step:       9600] loss:  4.269e-03, time/iteration:  6.095e+01 ms
[step:       9700] loss:  4.265e-03, time/iteration:  6.325e+01 ms
[step:       9800] loss:  4.262e-03, time/iteration:  6.083e+01 ms
[step:       9900] loss:  4.258e-03, time/iteration:  6.312e+01 ms
[step:      10000] record constraint batch time:  2.327e-01s
[step:      10000] record validators time:  4.011e-02s
[step:      10000] saved checkpoint to /content/PhysicsNemo_DeepONet/Anti_derivative_DeepONet/outputs
[step:      10000] loss:  4.255e-03, time/iteration:  6.543e+01 ms
[step:      10000] reached maximum training steps, finished training!
Success loading model: /content/PhysicsNemo_DeepONet/Anti_derivative_DeepONet/outputs/deepo.0.pth
[step:          0] record validators time:  1.071e-01s
Saving model and config for reproducibility.
