Installed PyTorch version 2.8.0+cu126 is not TorchScript supported in PhysicsNeMo. Version 2.1.0a0+4136153 is officially supported.
attempting to restore from: /content/PhysicsNemo_DeepONet/Darcy_DeepONet/outputs
optimizer checkpoint not found
model deepo.0.pth not found
[step:          0] record constraint batch time:  6.932e-02s
[step:          0] record validators time:  3.509e-01s
[step:          0] saved checkpoint to /content/PhysicsNemo_DeepONet/Darcy_DeepONet/outputs
[step:          0] loss:  1.274e-01
Attempting cuda graph building, this may take a bit...
[step:        100] loss:  7.550e-04, time/iteration:  1.518e+02 ms
[step:        200] loss:  4.944e-04, time/iteration:  4.329e+01 ms
[step:        300] loss:  2.613e-04, time/iteration:  4.332e+01 ms
[step:        400] loss:  1.890e-04, time/iteration:  4.339e+01 ms
[step:        500] loss:  5.249e-04, time/iteration:  4.335e+01 ms
[step:        600] loss:  1.906e-04, time/iteration:  4.329e+01 ms
[step:        700] loss:  1.490e-04, time/iteration:  4.340e+01 ms
[step:        800] loss:  1.134e-04, time/iteration:  4.329e+01 ms
[step:        900] loss:  1.265e-04, time/iteration:  4.334e+01 ms
[step:       1000] record constraint batch time:  5.929e-02s
[step:       1000] record validators time:  3.040e-01s
[step:       1000] saved checkpoint to /content/PhysicsNemo_DeepONet/Darcy_DeepONet/outputs
[step:       1000] loss:  1.293e-04, time/iteration:  4.927e+01 ms
[step:       1100] loss:  1.028e-04, time/iteration:  4.335e+01 ms
[step:       1200] loss:  1.277e-04, time/iteration:  4.355e+01 ms
[step:       1300] loss:  1.182e-04, time/iteration:  4.338e+01 ms
[step:       1400] loss:  1.439e-04, time/iteration:  4.336e+01 ms
[step:       1500] loss:  9.024e-05, time/iteration:  4.343e+01 ms
[step:       1600] loss:  1.865e-04, time/iteration:  4.325e+01 ms
[step:       1700] loss:  7.686e-05, time/iteration:  4.326e+01 ms
[step:       1800] loss:  1.041e-04, time/iteration:  4.339e+01 ms
[step:       1900] loss:  6.821e-05, time/iteration:  4.331e+01 ms
[step:       2000] record constraint batch time:  5.877e-02s
[step:       2000] record validators time:  3.042e-01s
[step:       2000] saved checkpoint to /content/PhysicsNemo_DeepONet/Darcy_DeepONet/outputs
[step:       2000] loss:  8.766e-05, time/iteration:  4.932e+01 ms
[step:       2100] loss:  9.107e-05, time/iteration:  4.339e+01 ms
[step:       2200] loss:  1.246e-04, time/iteration:  4.332e+01 ms
[step:       2300] loss:  7.648e-05, time/iteration:  4.340e+01 ms
[step:       2400] loss:  1.340e-04, time/iteration:  4.331e+01 ms
[step:       2500] loss:  5.372e-05, time/iteration:  4.339e+01 ms
[step:       2600] loss:  5.586e-05, time/iteration:  4.342e+01 ms
[step:       2700] loss:  5.540e-05, time/iteration:  4.327e+01 ms
[step:       2800] loss:  5.261e-05, time/iteration:  4.330e+01 ms
[step:       2900] loss:  5.022e-05, time/iteration:  4.470e+01 ms
[step:       3000] record constraint batch time:  5.864e-02s
[step:       3000] record validators time:  3.082e-01s
[step:       3000] saved checkpoint to /content/PhysicsNemo_DeepONet/Darcy_DeepONet/outputs
[step:       3000] loss:  5.794e-05, time/iteration:  4.804e+01 ms
[step:       3100] loss:  4.624e-05, time/iteration:  4.333e+01 ms
[step:       3200] loss:  7.240e-05, time/iteration:  4.334e+01 ms
[step:       3300] loss:  5.047e-05, time/iteration:  4.329e+01 ms
[step:       3400] loss:  4.926e-05, time/iteration:  4.335e+01 ms
[step:       3500] loss:  1.310e-04, time/iteration:  4.329e+01 ms
[step:       3600] loss:  2.826e-03, time/iteration:  4.326e+01 ms
[step:       3700] loss:  6.488e-04, time/iteration:  4.340e+01 ms
[step:       3800] loss:  3.432e-04, time/iteration:  4.327e+01 ms
[step:       3900] loss:  2.333e-04, time/iteration:  4.458e+01 ms
[step:       4000] record constraint batch time:  5.833e-02s
[step:       4000] record validators time:  3.086e-01s
[step:       4000] saved checkpoint to /content/PhysicsNemo_DeepONet/Darcy_DeepONet/outputs
[step:       4000] loss:  2.387e-04, time/iteration:  4.816e+01 ms
[step:       4100] loss:  1.847e-04, time/iteration:  4.336e+01 ms
[step:       4200] loss:  1.738e-04, time/iteration:  4.335e+01 ms
[step:       4300] loss:  1.637e-04, time/iteration:  4.336e+01 ms
[step:       4400] loss:  1.505e-04, time/iteration:  4.336e+01 ms
[step:       4500] loss:  1.158e-04, time/iteration:  4.337e+01 ms
[step:       4600] loss:  1.137e-04, time/iteration:  4.336e+01 ms
[step:       4700] loss:  1.791e-04, time/iteration:  4.344e+01 ms
[step:       4800] loss:  1.135e-04, time/iteration:  4.479e+01 ms
[step:       4900] loss:  1.377e-04, time/iteration:  4.336e+01 ms
[step:       5000] record constraint batch time:  5.862e-02s
[step:       5000] record validators time:  3.035e-01s
[step:       5000] saved checkpoint to /content/PhysicsNemo_DeepONet/Darcy_DeepONet/outputs
[step:       5000] loss:  1.255e-04, time/iteration:  4.798e+01 ms
[step:       5100] loss:  1.072e-04, time/iteration:  4.340e+01 ms
[step:       5200] loss:  1.139e-04, time/iteration:  4.333e+01 ms
[step:       5300] loss:  8.680e-05, time/iteration:  4.346e+01 ms
[step:       5400] loss:  1.270e-04, time/iteration:  4.338e+01 ms
[step:       5500] loss:  7.994e-05, time/iteration:  4.331e+01 ms
[step:       5600] loss:  1.102e-04, time/iteration:  4.336e+01 ms
[step:       5700] loss:  8.947e-05, time/iteration:  4.333e+01 ms
[step:       5800] loss:  7.282e-05, time/iteration:  4.457e+01 ms
[step:       5900] loss:  7.957e-05, time/iteration:  4.344e+01 ms
[step:       6000] record constraint batch time:  5.880e-02s
[step:       6000] record validators time:  3.035e-01s
[step:       6000] saved checkpoint to /content/PhysicsNemo_DeepONet/Darcy_DeepONet/outputs
[step:       6000] loss:  9.307e-05, time/iteration:  4.807e+01 ms
[step:       6100] loss:  7.362e-05, time/iteration:  4.335e+01 ms
[step:       6200] loss:  7.702e-05, time/iteration:  4.339e+01 ms
[step:       6300] loss:  7.707e-05, time/iteration:  4.330e+01 ms
[step:       6400] loss:  6.437e-05, time/iteration:  4.335e+01 ms
[step:       6500] loss:  6.870e-05, time/iteration:  4.335e+01 ms
[step:       6600] loss:  8.056e-05, time/iteration:  4.338e+01 ms
[step:       6700] loss:  6.614e-05, time/iteration:  4.339e+01 ms
[step:       6800] loss:  7.136e-05, time/iteration:  4.464e+01 ms
[step:       6900] loss:  5.706e-05, time/iteration:  4.335e+01 ms
[step:       7000] record constraint batch time:  5.888e-02s
[step:       7000] record validators time:  3.084e-01s
[step:       7000] saved checkpoint to /content/PhysicsNemo_DeepONet/Darcy_DeepONet/outputs
[step:       7000] loss:  7.195e-05, time/iteration:  4.832e+01 ms
[step:       7100] loss:  5.564e-05, time/iteration:  4.337e+01 ms
[step:       7200] loss:  5.730e-05, time/iteration:  4.331e+01 ms
[step:       7300] loss:  1.242e-04, time/iteration:  4.345e+01 ms
[step:       7400] loss:  7.113e-05, time/iteration:  4.337e+01 ms
[step:       7500] loss:  8.682e-05, time/iteration:  4.335e+01 ms
[step:       7600] loss:  5.140e-05, time/iteration:  4.336e+01 ms
[step:       7700] loss:  5.079e-05, time/iteration:  4.451e+01 ms
[step:       7800] loss:  5.162e-05, time/iteration:  4.335e+01 ms
[step:       7900] loss:  1.042e-04, time/iteration:  4.335e+01 ms
[step:       8000] record constraint batch time:  5.836e-02s
[step:       8000] record validators time:  2.802e-01s
[step:       8000] saved checkpoint to /content/PhysicsNemo_DeepONet/Darcy_DeepONet/outputs
[step:       8000] loss:  5.680e-05, time/iteration:  4.789e+01 ms
[step:       8100] loss:  7.684e-05, time/iteration:  4.348e+01 ms
[step:       8200] loss:  4.610e-05, time/iteration:  4.332e+01 ms
[step:       8300] loss:  4.869e-05, time/iteration:  4.332e+01 ms
[step:       8400] loss:  4.942e-05, time/iteration:  4.340e+01 ms
[step:       8500] loss:  4.720e-05, time/iteration:  4.330e+01 ms
[step:       8600] loss:  9.201e-05, time/iteration:  4.338e+01 ms
[step:       8700] loss:  4.548e-05, time/iteration:  4.452e+01 ms
[step:       8800] loss:  4.420e-05, time/iteration:  4.329e+01 ms
[step:       8900] loss:  5.346e-05, time/iteration:  4.336e+01 ms
[step:       9000] record constraint batch time:  5.890e-02s
[step:       9000] record validators time:  3.061e-01s
[step:       9000] saved checkpoint to /content/PhysicsNemo_DeepONet/Darcy_DeepONet/outputs
[step:       9000] loss:  6.646e-05, time/iteration:  4.807e+01 ms
[step:       9100] loss:  4.282e-05, time/iteration:  4.332e+01 ms
[step:       9200] loss:  4.782e-05, time/iteration:  4.340e+01 ms
[step:       9300] loss:  4.131e-05, time/iteration:  4.333e+01 ms
[step:       9400] loss:  6.398e-05, time/iteration:  4.337e+01 ms
[step:       9500] loss:  4.478e-05, time/iteration:  4.337e+01 ms
[step:       9600] loss:  3.344e-05, time/iteration:  4.458e+01 ms
[step:       9700] loss:  5.480e-05, time/iteration:  4.336e+01 ms
[step:       9800] loss:  6.655e-05, time/iteration:  4.333e+01 ms
[step:       9900] loss:  3.999e-05, time/iteration:  4.332e+01 ms
[step:      10000] record constraint batch time:  5.866e-02s
[step:      10000] record validators time:  2.895e-01s
[step:      10000] saved checkpoint to /content/PhysicsNemo_DeepONet/Darcy_DeepONet/outputs
[step:      10000] loss:  5.149e-05, time/iteration:  4.809e+01 ms
[step:      10100] loss:  5.381e-05, time/iteration:  4.335e+01 ms
[step:      10200] loss:  5.205e-05, time/iteration:  4.330e+01 ms
[step:      10300] loss:  4.046e-05, time/iteration:  4.343e+01 ms
[step:      10400] loss:  4.348e-05, time/iteration:  4.332e+01 ms
[step:      10500] loss:  3.547e-05, time/iteration:  4.328e+01 ms
[step:      10600] loss:  4.962e-05, time/iteration:  4.451e+01 ms
[step:      10700] loss:  1.009e-04, time/iteration:  4.338e+01 ms
[step:      10800] loss:  6.628e-05, time/iteration:  4.334e+01 ms
[step:      10900] loss:  4.767e-05, time/iteration:  4.345e+01 ms
[step:      11000] record constraint batch time:  5.867e-02s
[step:      11000] record validators time:  3.077e-01s
[step:      11000] saved checkpoint to /content/PhysicsNemo_DeepONet/Darcy_DeepONet/outputs
[step:      11000] loss:  3.795e-05, time/iteration:  4.809e+01 ms
[step:      11100] loss:  4.499e-05, time/iteration:  4.343e+01 ms
[step:      11200] loss:  3.628e-05, time/iteration:  4.338e+01 ms
[step:      11300] loss:  3.365e-05, time/iteration:  4.329e+01 ms
[step:      11400] loss:  3.720e-05, time/iteration:  4.339e+01 ms
[step:      11500] loss:  3.608e-05, time/iteration:  4.327e+01 ms
[step:      11600] loss:  3.752e-05, time/iteration:  4.441e+01 ms
[step:      11700] loss:  4.350e-05, time/iteration:  4.339e+01 ms
[step:      11800] loss:  2.991e-05, time/iteration:  4.330e+01 ms
[step:      11900] loss:  3.290e-05, time/iteration:  4.335e+01 ms
[step:      12000] record constraint batch time:  5.849e-02s
[step:      12000] record validators time:  3.051e-01s
[step:      12000] saved checkpoint to /content/PhysicsNemo_DeepONet/Darcy_DeepONet/outputs
[step:      12000] loss:  3.889e-05, time/iteration:  4.809e+01 ms
[step:      12100] loss:  3.854e-05, time/iteration:  4.347e+01 ms
[step:      12200] loss:  4.272e-05, time/iteration:  4.342e+01 ms
[step:      12300] loss:  2.885e-05, time/iteration:  4.336e+01 ms
[step:      12400] loss:  3.477e-05, time/iteration:  4.336e+01 ms
[step:      12500] loss:  4.294e-05, time/iteration:  4.462e+01 ms
[step:      12600] loss:  3.280e-05, time/iteration:  4.337e+01 ms
[step:      12700] loss:  3.124e-05, time/iteration:  4.333e+01 ms
[step:      12800] loss:  2.544e-05, time/iteration:  4.345e+01 ms
[step:      12900] loss:  5.089e-05, time/iteration:  4.326e+01 ms
[step:      13000] record constraint batch time:  5.960e-02s
[step:      13000] record validators time:  2.902e-01s
[step:      13000] saved checkpoint to /content/PhysicsNemo_DeepONet/Darcy_DeepONet/outputs
[step:      13000] loss:  4.346e-05, time/iteration:  4.797e+01 ms
[step:      13100] loss:  5.763e-05, time/iteration:  4.340e+01 ms
[step:      13200] loss:  4.425e-05, time/iteration:  4.330e+01 ms
[step:      13300] loss:  4.094e-05, time/iteration:  4.337e+01 ms
[step:      13400] loss:  2.770e-05, time/iteration:  4.332e+01 ms
[step:      13500] loss:  3.040e-05, time/iteration:  4.446e+01 ms
[step:      13600] loss:  7.566e-05, time/iteration:  4.335e+01 ms
[step:      13700] loss:  3.742e-05, time/iteration:  4.325e+01 ms
[step:      13800] loss:  3.415e-05, time/iteration:  4.327e+01 ms
[step:      13900] loss:  2.287e-05, time/iteration:  4.339e+01 ms
[step:      14000] record constraint batch time:  5.880e-02s
[step:      14000] record validators time:  3.009e-01s
[step:      14000] saved checkpoint to /content/PhysicsNemo_DeepONet/Darcy_DeepONet/outputs
[step:      14000] loss:  2.785e-05, time/iteration:  4.809e+01 ms
[step:      14100] loss:  2.694e-05, time/iteration:  4.340e+01 ms
[step:      14200] loss:  2.765e-05, time/iteration:  4.336e+01 ms
[step:      14300] loss:  2.814e-05, time/iteration:  4.328e+01 ms
[step:      14400] loss:  2.617e-05, time/iteration:  4.448e+01 ms
[step:      14500] loss:  3.884e-05, time/iteration:  4.331e+01 ms
[step:      14600] loss:  3.510e-05, time/iteration:  4.328e+01 ms
[step:      14700] loss:  3.828e-05, time/iteration:  4.336e+01 ms
[step:      14800] loss:  2.853e-05, time/iteration:  4.340e+01 ms
[step:      14900] loss:  3.535e-05, time/iteration:  4.332e+01 ms
[step:      15000] record constraint batch time:  5.851e-02s
[step:      15000] record validators time:  2.887e-01s
[step:      15000] saved checkpoint to /content/PhysicsNemo_DeepONet/Darcy_DeepONet/outputs
[step:      15000] loss:  2.505e-05, time/iteration:  4.812e+01 ms
[step:      15100] loss:  4.065e-05, time/iteration:  4.332e+01 ms
[step:      15200] loss:  2.748e-05, time/iteration:  4.339e+01 ms
[step:      15300] loss:  2.697e-05, time/iteration:  4.336e+01 ms
[step:      15400] loss:  7.922e-05, time/iteration:  4.442e+01 ms
[step:      15500] loss:  2.815e-05, time/iteration:  4.338e+01 ms
[step:      15600] loss:  2.172e-05, time/iteration:  4.338e+01 ms
[step:      15700] loss:  2.351e-05, time/iteration:  4.332e+01 ms
[step:      15800] loss:  2.328e-05, time/iteration:  4.340e+01 ms
[step:      15900] loss:  2.441e-05, time/iteration:  4.330e+01 ms
[step:      16000] record constraint batch time:  5.852e-02s
[step:      16000] record validators time:  3.018e-01s
[step:      16000] saved checkpoint to /content/PhysicsNemo_DeepONet/Darcy_DeepONet/outputs
[step:      16000] loss:  3.730e-05, time/iteration:  4.806e+01 ms
[step:      16100] loss:  2.870e-05, time/iteration:  4.337e+01 ms
[step:      16200] loss:  3.529e-05, time/iteration:  4.341e+01 ms
[step:      16300] loss:  2.376e-05, time/iteration:  4.338e+01 ms
[step:      16400] loss:  2.368e-05, time/iteration:  4.448e+01 ms
[step:      16500] loss:  2.187e-05, time/iteration:  4.329e+01 ms
[step:      16600] loss:  3.209e-05, time/iteration:  4.337e+01 ms
[step:      16700] loss:  2.431e-05, time/iteration:  4.333e+01 ms
[step:      16800] loss:  2.533e-05, time/iteration:  4.328e+01 ms
[step:      16900] loss:  1.845e-05, time/iteration:  4.343e+01 ms
[step:      17000] record constraint batch time:  5.907e-02s
[step:      17000] record validators time:  3.061e-01s
[step:      17000] saved checkpoint to /content/PhysicsNemo_DeepONet/Darcy_DeepONet/outputs
[step:      17000] loss:  2.369e-05, time/iteration:  4.808e+01 ms
[step:      17100] loss:  5.289e-05, time/iteration:  4.336e+01 ms
[step:      17200] loss:  2.421e-05, time/iteration:  4.341e+01 ms
[step:      17300] loss:  1.862e-05, time/iteration:  4.443e+01 ms
[step:      17400] loss:  2.973e-05, time/iteration:  4.333e+01 ms
[step:      17500] loss:  2.895e-05, time/iteration:  4.354e+01 ms
[step:      17600] loss:  2.281e-05, time/iteration:  4.335e+01 ms
[step:      17700] loss:  2.911e-05, time/iteration:  4.334e+01 ms
[step:      17800] loss:  1.951e-05, time/iteration:  4.336e+01 ms
[step:      17900] loss:  2.492e-05, time/iteration:  4.330e+01 ms
[step:      18000] record constraint batch time:  5.899e-02s
[step:      18000] record validators time:  3.077e-01s
[step:      18000] saved checkpoint to /content/PhysicsNemo_DeepONet/Darcy_DeepONet/outputs
[step:      18000] loss:  2.958e-05, time/iteration:  4.828e+01 ms
[step:      18100] loss:  2.394e-05, time/iteration:  4.333e+01 ms
[step:      18200] loss:  1.989e-05, time/iteration:  4.330e+01 ms
[step:      18300] loss:  1.919e-05, time/iteration:  4.453e+01 ms
[step:      18400] loss:  1.932e-05, time/iteration:  4.348e+01 ms
[step:      18500] loss:  2.206e-05, time/iteration:  4.346e+01 ms
[step:      18600] loss:  2.031e-05, time/iteration:  4.334e+01 ms
[step:      18700] loss:  1.948e-05, time/iteration:  4.329e+01 ms
[step:      18800] loss:  1.883e-05, time/iteration:  4.333e+01 ms
[step:      18900] loss:  3.646e-05, time/iteration:  4.342e+01 ms
[step:      19000] record constraint batch time:  5.913e-02s
[step:      19000] record validators time:  3.060e-01s
[step:      19000] saved checkpoint to /content/PhysicsNemo_DeepONet/Darcy_DeepONet/outputs
[step:      19000] loss:  3.430e-05, time/iteration:  4.815e+01 ms
[step:      19100] loss:  2.695e-05, time/iteration:  4.343e+01 ms
[step:      19200] loss:  1.791e-05, time/iteration:  4.431e+01 ms
[step:      19300] loss:  1.969e-05, time/iteration:  4.335e+01 ms
[step:      19400] loss:  1.905e-05, time/iteration:  4.340e+01 ms
[step:      19500] loss:  1.780e-05, time/iteration:  4.328e+01 ms
[step:      19600] loss:  1.838e-05, time/iteration:  4.333e+01 ms
[step:      19700] loss:  1.823e-05, time/iteration:  4.336e+01 ms
[step:      19800] loss:  1.854e-05, time/iteration:  4.325e+01 ms
[step:      19900] loss:  1.929e-05, time/iteration:  4.338e+01 ms
[step:      20000] record constraint batch time:  5.911e-02s
[step:      20000] record validators time:  3.088e-01s
[step:      20000] saved checkpoint to /content/PhysicsNemo_DeepONet/Darcy_DeepONet/outputs
[step:      20000] loss:  3.355e-05, time/iteration:  4.822e+01 ms
[step:      20100] loss:  2.348e-05, time/iteration:  4.329e+01 ms
[step:      20200] loss:  1.753e-05, time/iteration:  4.434e+01 ms
[step:      20300] loss:  2.142e-05, time/iteration:  4.338e+01 ms
[step:      20400] loss:  2.305e-05, time/iteration:  4.332e+01 ms
[step:      20500] loss:  1.653e-05, time/iteration:  4.340e+01 ms
[step:      20600] loss:  1.566e-05, time/iteration:  4.330e+01 ms
[step:      20700] loss:  1.964e-05, time/iteration:  4.335e+01 ms
[step:      20800] loss:  2.072e-05, time/iteration:  4.339e+01 ms
[step:      20900] loss:  1.988e-05, time/iteration:  4.325e+01 ms
[step:      21000] record constraint batch time:  5.934e-02s
[step:      21000] record validators time:  2.969e-01s
[step:      21000] saved checkpoint to /content/PhysicsNemo_DeepONet/Darcy_DeepONet/outputs
[step:      21000] loss:  1.657e-05, time/iteration:  4.806e+01 ms
[step:      21100] loss:  2.090e-05, time/iteration:  4.334e+01 ms
[step:      21200] loss:  1.628e-05, time/iteration:  4.434e+01 ms
[step:      21300] loss:  1.637e-05, time/iteration:  4.337e+01 ms
[step:      21400] loss:  2.027e-05, time/iteration:  4.335e+01 ms
[step:      21500] loss:  1.501e-05, time/iteration:  4.331e+01 ms
[step:      21600] loss:  2.061e-05, time/iteration:  4.339e+01 ms
[step:      21700] loss:  1.662e-05, time/iteration:  4.335e+01 ms
[step:      21800] loss:  1.389e-05, time/iteration:  4.331e+01 ms
[step:      21900] loss:  1.606e-05, time/iteration:  4.341e+01 ms
[step:      22000] record constraint batch time:  5.838e-02s
[step:      22000] record validators time:  3.074e-01s
[step:      22000] saved checkpoint to /content/PhysicsNemo_DeepONet/Darcy_DeepONet/outputs
[step:      22000] loss:  1.564e-05, time/iteration:  4.827e+01 ms
[step:      22100] loss:  1.867e-05, time/iteration:  4.457e+01 ms
[step:      22200] loss:  1.842e-05, time/iteration:  4.353e+01 ms
[step:      22300] loss:  1.656e-05, time/iteration:  4.349e+01 ms
[step:      22400] loss:  1.762e-05, time/iteration:  4.342e+01 ms
[step:      22500] loss:  1.893e-05, time/iteration:  4.334e+01 ms
[step:      22600] loss:  1.714e-05, time/iteration:  4.333e+01 ms
[step:      22700] loss:  1.839e-05, time/iteration:  4.340e+01 ms
[step:      22800] loss:  1.327e-05, time/iteration:  4.331e+01 ms
[step:      22900] loss:  2.080e-05, time/iteration:  4.331e+01 ms
[step:      23000] record constraint batch time:  5.848e-02s
[step:      23000] record validators time:  3.100e-01s
[step:      23000] saved checkpoint to /content/PhysicsNemo_DeepONet/Darcy_DeepONet/outputs
[step:      23000] loss:  1.776e-05, time/iteration:  4.841e+01 ms
[step:      23100] loss:  1.838e-05, time/iteration:  4.432e+01 ms
[step:      23200] loss:  1.642e-05, time/iteration:  4.337e+01 ms
[step:      23300] loss:  1.343e-05, time/iteration:  4.333e+01 ms
[step:      23400] loss:  1.590e-05, time/iteration:  4.334e+01 ms
[step:      23500] loss:  1.693e-05, time/iteration:  4.341e+01 ms
[step:      23600] loss:  1.574e-05, time/iteration:  4.333e+01 ms
[step:      23700] loss:  3.234e-05, time/iteration:  4.340e+01 ms
[step:      23800] loss:  2.276e-05, time/iteration:  4.345e+01 ms
[step:      23900] loss:  1.423e-05, time/iteration:  4.335e+01 ms
[step:      24000] record constraint batch time:  1.627e-01s
[step:      24000] record validators time:  3.070e-01s
[step:      24000] saved checkpoint to /content/PhysicsNemo_DeepONet/Darcy_DeepONet/outputs
[step:      24000] loss:  1.459e-05, time/iteration:  4.925e+01 ms
[step:      24100] loss:  1.805e-05, time/iteration:  4.354e+01 ms
[step:      24200] loss:  1.272e-05, time/iteration:  4.333e+01 ms
[step:      24300] loss:  1.478e-05, time/iteration:  4.340e+01 ms
[step:      24400] loss:  2.180e-05, time/iteration:  4.343e+01 ms
[step:      24500] loss:  1.950e-05, time/iteration:  4.338e+01 ms
[step:      24600] loss:  2.656e-05, time/iteration:  4.343e+01 ms
[step:      24700] loss:  1.682e-05, time/iteration:  4.333e+01 ms
[step:      24800] loss:  1.622e-05, time/iteration:  4.337e+01 ms
[step:      24900] loss:  1.788e-05, time/iteration:  4.341e+01 ms
[step:      25000] record constraint batch time:  5.896e-02s
[step:      25000] record validators time:  3.079e-01s
[step:      25000] saved checkpoint to /content/PhysicsNemo_DeepONet/Darcy_DeepONet/outputs
[step:      25000] loss:  1.853e-05, time/iteration:  4.925e+01 ms
[step:      25100] loss:  1.592e-05, time/iteration:  4.335e+01 ms
[step:      25200] loss:  1.624e-05, time/iteration:  4.337e+01 ms
[step:      25300] loss:  3.021e-05, time/iteration:  4.327e+01 ms
[step:      25400] loss:  1.487e-05, time/iteration:  4.336e+01 ms
[step:      25500] loss:  1.653e-05, time/iteration:  4.336e+01 ms
[step:      25600] loss:  1.762e-05, time/iteration:  4.325e+01 ms
[step:      25700] loss:  2.668e-05, time/iteration:  4.339e+01 ms
[step:      25800] loss:  1.080e-05, time/iteration:  4.333e+01 ms
[step:      25900] loss:  1.423e-05, time/iteration:  4.325e+01 ms
[step:      26000] record constraint batch time:  5.848e-02s
[step:      26000] record validators time:  3.072e-01s
[step:      26000] saved checkpoint to /content/PhysicsNemo_DeepONet/Darcy_DeepONet/outputs
[step:      26000] loss:  1.508e-05, time/iteration:  4.921e+01 ms
[step:      26100] loss:  1.392e-05, time/iteration:  4.334e+01 ms
[step:      26200] loss:  1.318e-05, time/iteration:  4.333e+01 ms
[step:      26300] loss:  1.670e-05, time/iteration:  4.337e+01 ms
[step:      26400] loss:  1.693e-05, time/iteration:  4.333e+01 ms
[step:      26500] loss:  2.134e-05, time/iteration:  4.337e+01 ms
[step:      26600] loss:  2.827e-05, time/iteration:  4.338e+01 ms
[step:      26700] loss:  1.675e-05, time/iteration:  4.334e+01 ms
[step:      26800] loss:  1.297e-05, time/iteration:  4.338e+01 ms
[step:      26900] loss:  1.713e-05, time/iteration:  4.429e+01 ms
[step:      27000] record constraint batch time:  5.886e-02s
[step:      27000] record validators time:  3.084e-01s
[step:      27000] saved checkpoint to /content/PhysicsNemo_DeepONet/Darcy_DeepONet/outputs
[step:      27000] loss:  2.217e-05, time/iteration:  4.842e+01 ms
[step:      27100] loss:  1.699e-05, time/iteration:  4.350e+01 ms
[step:      27200] loss:  1.332e-05, time/iteration:  4.337e+01 ms
[step:      27300] loss:  1.467e-05, time/iteration:  4.335e+01 ms
[step:      27400] loss:  1.867e-05, time/iteration:  4.338e+01 ms
[step:      27500] loss:  1.788e-05, time/iteration:  4.339e+01 ms
[step:      27600] loss:  1.211e-05, time/iteration:  4.334e+01 ms
[step:      27700] loss:  1.713e-05, time/iteration:  4.335e+01 ms
[step:      27800] loss:  1.032e-05, time/iteration:  4.328e+01 ms
[step:      27900] loss:  1.430e-05, time/iteration:  4.431e+01 ms
[step:      28000] record constraint batch time:  5.890e-02s
[step:      28000] record validators time:  3.058e-01s
[step:      28000] saved checkpoint to /content/PhysicsNemo_DeepONet/Darcy_DeepONet/outputs
[step:      28000] loss:  1.531e-05, time/iteration:  4.826e+01 ms
[step:      28100] loss:  1.332e-05, time/iteration:  4.332e+01 ms
[step:      28200] loss:  1.604e-05, time/iteration:  4.340e+01 ms
[step:      28300] loss:  1.184e-05, time/iteration:  4.327e+01 ms
[step:      28400] loss:  1.282e-05, time/iteration:  4.330e+01 ms
[step:      28500] loss:  1.109e-05, time/iteration:  4.341e+01 ms
[step:      28600] loss:  1.362e-05, time/iteration:  4.330e+01 ms
[step:      28700] loss:  1.314e-05, time/iteration:  4.333e+01 ms
[step:      28800] loss:  1.806e-05, time/iteration:  4.334e+01 ms
[step:      28900] loss:  1.101e-05, time/iteration:  4.427e+01 ms
[step:      29000] record constraint batch time:  5.867e-02s
[step:      29000] record validators time:  3.046e-01s
[step:      29000] saved checkpoint to /content/PhysicsNemo_DeepONet/Darcy_DeepONet/outputs
[step:      29000] loss:  1.500e-05, time/iteration:  4.822e+01 ms
[step:      29100] loss:  1.114e-05, time/iteration:  4.332e+01 ms
[step:      29200] loss:  1.866e-05, time/iteration:  4.332e+01 ms
[step:      29300] loss:  1.273e-05, time/iteration:  4.338e+01 ms
[step:      29400] loss:  1.137e-05, time/iteration:  4.331e+01 ms
[step:      29500] loss:  1.711e-05, time/iteration:  4.327e+01 ms
[step:      29600] loss:  1.079e-05, time/iteration:  4.334e+01 ms
[step:      29700] loss:  1.107e-05, time/iteration:  4.330e+01 ms
[step:      29800] loss:  1.114e-05, time/iteration:  4.437e+01 ms
[step:      29900] loss:  1.119e-05, time/iteration:  4.333e+01 ms
[step:      30000] record constraint batch time:  5.889e-02s
[step:      30000] record validators time:  3.046e-01s
[step:      30000] saved checkpoint to /content/PhysicsNemo_DeepONet/Darcy_DeepONet/outputs
[step:      30000] loss:  1.120e-05, time/iteration:  4.820e+01 ms
[step:      30100] loss:  1.937e-05, time/iteration:  4.336e+01 ms
[step:      30200] loss:  1.169e-05, time/iteration:  4.333e+01 ms
[step:      30300] loss:  1.163e-05, time/iteration:  4.331e+01 ms
[step:      30400] loss:  1.174e-05, time/iteration:  4.341e+01 ms
[step:      30500] loss:  2.292e-05, time/iteration:  4.332e+01 ms
[step:      30600] loss:  1.402e-05, time/iteration:  4.334e+01 ms
[step:      30700] loss:  1.153e-05, time/iteration:  4.334e+01 ms
[step:      30800] loss:  1.433e-05, time/iteration:  4.423e+01 ms
[step:      30900] loss:  2.115e-05, time/iteration:  4.332e+01 ms
[step:      31000] record constraint batch time:  5.851e-02s
[step:      31000] record validators time:  3.050e-01s
[step:      31000] saved checkpoint to /content/PhysicsNemo_DeepONet/Darcy_DeepONet/outputs
[step:      31000] loss:  1.171e-05, time/iteration:  4.832e+01 ms
[step:      31100] loss:  1.023e-05, time/iteration:  4.330e+01 ms
[step:      31200] loss:  1.275e-05, time/iteration:  4.346e+01 ms
[step:      31300] loss:  1.250e-05, time/iteration:  4.331e+01 ms
[step:      31400] loss:  1.131e-05, time/iteration:  4.332e+01 ms
[step:      31500] loss:  1.223e-05, time/iteration:  4.338e+01 ms
[step:      31600] loss:  9.512e-06, time/iteration:  4.329e+01 ms
[step:      31700] loss:  1.265e-05, time/iteration:  4.420e+01 ms
[step:      31800] loss:  1.521e-05, time/iteration:  4.337e+01 ms
[step:      31900] loss:  1.289e-05, time/iteration:  4.334e+01 ms
[step:      32000] record constraint batch time:  5.942e-02s
[step:      32000] record validators time:  2.999e-01s
[step:      32000] saved checkpoint to /content/PhysicsNemo_DeepONet/Darcy_DeepONet/outputs
[step:      32000] loss:  1.229e-05, time/iteration:  4.826e+01 ms
[step:      32100] loss:  1.088e-05, time/iteration:  4.352e+01 ms
[step:      32200] loss:  1.124e-05, time/iteration:  4.336e+01 ms
[step:      32300] loss:  1.107e-05, time/iteration:  4.337e+01 ms
[step:      32400] loss:  1.165e-05, time/iteration:  4.331e+01 ms
[step:      32500] loss:  1.111e-05, time/iteration:  4.332e+01 ms
[step:      32600] loss:  1.310e-05, time/iteration:  4.348e+01 ms
[step:      32700] loss:  1.271e-05, time/iteration:  4.428e+01 ms
[step:      32800] loss:  1.031e-05, time/iteration:  4.327e+01 ms
[step:      32900] loss:  1.139e-05, time/iteration:  4.340e+01 ms
[step:      33000] record constraint batch time:  5.854e-02s
[step:      33000] record validators time:  2.871e-01s
[step:      33000] saved checkpoint to /content/PhysicsNemo_DeepONet/Darcy_DeepONet/outputs
[step:      33000] loss:  9.729e-06, time/iteration:  4.799e+01 ms
[step:      33100] loss:  1.236e-05, time/iteration:  4.336e+01 ms
[step:      33200] loss:  1.063e-05, time/iteration:  4.338e+01 ms
[step:      33300] loss:  1.161e-05, time/iteration:  4.333e+01 ms
[step:      33400] loss:  1.411e-05, time/iteration:  4.340e+01 ms
[step:      33500] loss:  1.305e-05, time/iteration:  4.328e+01 ms
[step:      33600] loss:  1.237e-05, time/iteration:  4.325e+01 ms
[step:      33700] loss:  1.016e-05, time/iteration:  4.429e+01 ms
[step:      33800] loss:  1.012e-05, time/iteration:  4.329e+01 ms
[step:      33900] loss:  1.298e-05, time/iteration:  4.334e+01 ms
[step:      34000] record constraint batch time:  5.873e-02s
[step:      34000] record validators time:  2.906e-01s
[step:      34000] saved checkpoint to /content/PhysicsNemo_DeepONet/Darcy_DeepONet/outputs
[step:      34000] loss:  1.050e-05, time/iteration:  4.813e+01 ms
[step:      34100] loss:  9.652e-06, time/iteration:  4.354e+01 ms
[step:      34200] loss:  1.014e-05, time/iteration:  4.356e+01 ms
[step:      34300] loss:  1.038e-05, time/iteration:  4.350e+01 ms
[step:      34400] loss:  1.037e-05, time/iteration:  4.324e+01 ms
[step:      34500] loss:  8.973e-06, time/iteration:  4.332e+01 ms
[step:      34600] loss:  1.317e-05, time/iteration:  4.423e+01 ms
[step:      34700] loss:  1.090e-05, time/iteration:  4.326e+01 ms
[step:      34800] loss:  8.793e-06, time/iteration:  4.335e+01 ms
[step:      34900] loss:  1.016e-05, time/iteration:  4.336e+01 ms
[step:      35000] record constraint batch time:  5.932e-02s
[step:      35000] record validators time:  3.154e-01s
[step:      35000] saved checkpoint to /content/PhysicsNemo_DeepONet/Darcy_DeepONet/outputs
[step:      35000] loss:  9.925e-06, time/iteration:  4.843e+01 ms
[step:      35100] loss:  1.343e-05, time/iteration:  4.347e+01 ms
[step:      35200] loss:  9.121e-06, time/iteration:  4.326e+01 ms
[step:      35300] loss:  1.269e-05, time/iteration:  4.339e+01 ms
[step:      35400] loss:  1.086e-05, time/iteration:  4.332e+01 ms
[step:      35500] loss:  1.602e-05, time/iteration:  4.326e+01 ms
[step:      35600] loss:  1.026e-05, time/iteration:  4.432e+01 ms
[step:      35700] loss:  8.368e-06, time/iteration:  4.331e+01 ms
[step:      35800] loss:  9.067e-06, time/iteration:  4.322e+01 ms
[step:      35900] loss:  9.770e-06, time/iteration:  4.331e+01 ms
[step:      36000] record constraint batch time:  5.863e-02s
[step:      36000] record validators time:  3.052e-01s
[step:      36000] saved checkpoint to /content/PhysicsNemo_DeepONet/Darcy_DeepONet/outputs
[step:      36000] loss:  1.288e-05, time/iteration:  4.815e+01 ms
[step:      36100] loss:  1.632e-05, time/iteration:  4.332e+01 ms
[step:      36200] loss:  1.176e-05, time/iteration:  4.329e+01 ms
[step:      36300] loss:  8.881e-06, time/iteration:  4.326e+01 ms
[step:      36400] loss:  9.188e-06, time/iteration:  4.330e+01 ms
[step:      36500] loss:  1.060e-05, time/iteration:  4.431e+01 ms
[step:      36600] loss:  8.580e-06, time/iteration:  4.328e+01 ms
[step:      36700] loss:  7.859e-06, time/iteration:  4.338e+01 ms
[step:      36800] loss:  1.368e-05, time/iteration:  4.330e+01 ms
[step:      36900] loss:  1.148e-05, time/iteration:  4.326e+01 ms
[step:      37000] record constraint batch time:  5.959e-02s
[step:      37000] record validators time:  3.091e-01s
[step:      37000] saved checkpoint to /content/PhysicsNemo_DeepONet/Darcy_DeepONet/outputs
[step:      37000] loss:  9.795e-06, time/iteration:  4.843e+01 ms
[step:      37100] loss:  1.037e-05, time/iteration:  4.349e+01 ms
[step:      37200] loss:  9.867e-06, time/iteration:  4.332e+01 ms
[step:      37300] loss:  1.107e-05, time/iteration:  4.333e+01 ms
[step:      37400] loss:  8.276e-06, time/iteration:  4.332e+01 ms
[step:      37500] loss:  1.232e-05, time/iteration:  4.426e+01 ms
[step:      37600] loss:  1.004e-05, time/iteration:  4.324e+01 ms
[step:      37700] loss:  9.701e-06, time/iteration:  4.319e+01 ms
[step:      37800] loss:  9.981e-06, time/iteration:  4.328e+01 ms
[step:      37900] loss:  8.334e-06, time/iteration:  4.323e+01 ms
[step:      38000] record constraint batch time:  5.877e-02s
[step:      38000] record validators time:  3.018e-01s
[step:      38000] saved checkpoint to /content/PhysicsNemo_DeepONet/Darcy_DeepONet/outputs
[step:      38000] loss:  1.090e-05, time/iteration:  4.824e+01 ms
[step:      38100] loss:  7.889e-06, time/iteration:  4.331e+01 ms
[step:      38200] loss:  1.020e-05, time/iteration:  4.325e+01 ms
[step:      38300] loss:  1.146e-05, time/iteration:  4.322e+01 ms
[step:      38400] loss:  8.929e-06, time/iteration:  4.325e+01 ms
[step:      38500] loss:  7.746e-06, time/iteration:  4.416e+01 ms
[step:      38600] loss:  7.977e-06, time/iteration:  4.329e+01 ms
[step:      38700] loss:  8.585e-06, time/iteration:  4.325e+01 ms
[step:      38800] loss:  9.344e-06, time/iteration:  4.317e+01 ms
[step:      38900] loss:  8.940e-06, time/iteration:  4.319e+01 ms
[step:      39000] record constraint batch time:  5.842e-02s
[step:      39000] record validators time:  3.007e-01s
[step:      39000] saved checkpoint to /content/PhysicsNemo_DeepONet/Darcy_DeepONet/outputs
[step:      39000] loss:  1.024e-05, time/iteration:  4.796e+01 ms
[step:      39100] loss:  1.037e-05, time/iteration:  4.322e+01 ms
[step:      39200] loss:  7.425e-06, time/iteration:  4.327e+01 ms
[step:      39300] loss:  9.116e-06, time/iteration:  4.321e+01 ms
[step:      39400] loss:  1.078e-05, time/iteration:  4.450e+01 ms
[step:      39500] loss:  9.631e-06, time/iteration:  4.343e+01 ms
[step:      39600] loss:  1.145e-05, time/iteration:  4.343e+01 ms
[step:      39700] loss:  9.644e-06, time/iteration:  4.357e+01 ms
[step:      39800] loss:  8.710e-06, time/iteration:  4.331e+01 ms
[step:      39900] loss:  8.675e-06, time/iteration:  4.347e+01 ms
[step:      40000] record constraint batch time:  5.901e-02s
[step:      40000] record validators time:  2.979e-01s
[step:      40000] saved checkpoint to /content/PhysicsNemo_DeepONet/Darcy_DeepONet/outputs
[step:      40000] loss:  9.929e-06, time/iteration:  4.829e+01 ms
[step:      40100] loss:  8.915e-06, time/iteration:  4.353e+01 ms
[step:      40200] loss:  1.137e-05, time/iteration:  4.339e+01 ms
[step:      40300] loss:  8.071e-06, time/iteration:  4.345e+01 ms
[step:      40400] loss:  8.109e-06, time/iteration:  4.439e+01 ms
[step:      40500] loss:  8.064e-06, time/iteration:  4.342e+01 ms
[step:      40600] loss:  9.037e-06, time/iteration:  4.344e+01 ms
[step:      40700] loss:  1.028e-05, time/iteration:  4.339e+01 ms
[step:      40800] loss:  1.022e-05, time/iteration:  4.354e+01 ms
[step:      40900] loss:  7.201e-06, time/iteration:  4.373e+01 ms
[step:      41000] record constraint batch time:  5.908e-02s
[step:      41000] record validators time:  2.933e-01s
[step:      41000] saved checkpoint to /content/PhysicsNemo_DeepONet/Darcy_DeepONet/outputs
[step:      41000] loss:  9.555e-06, time/iteration:  4.845e+01 ms
[step:      41100] loss:  8.582e-06, time/iteration:  4.385e+01 ms
[step:      41200] loss:  8.500e-06, time/iteration:  4.384e+01 ms
[step:      41300] loss:  1.017e-05, time/iteration:  4.479e+01 ms
[step:      41400] loss:  6.730e-06, time/iteration:  4.374e+01 ms
[step:      41500] loss:  7.923e-06, time/iteration:  4.368e+01 ms
[step:      41600] loss:  8.169e-06, time/iteration:  4.364e+01 ms
[step:      41700] loss:  1.064e-05, time/iteration:  4.349e+01 ms
[step:      41800] loss:  9.765e-06, time/iteration:  4.343e+01 ms
[step:      41900] loss:  1.439e-05, time/iteration:  4.351e+01 ms
[step:      42000] record constraint batch time:  5.887e-02s
[step:      42000] record validators time:  2.980e-01s
[step:      42000] saved checkpoint to /content/PhysicsNemo_DeepONet/Darcy_DeepONet/outputs
[step:      42000] loss:  8.592e-06, time/iteration:  4.835e+01 ms
[step:      42100] loss:  1.070e-05, time/iteration:  4.355e+01 ms
[step:      42200] loss:  9.018e-06, time/iteration:  4.342e+01 ms
[step:      42300] loss:  1.323e-05, time/iteration:  4.440e+01 ms
[step:      42400] loss:  9.356e-06, time/iteration:  4.339e+01 ms
[step:      42500] loss:  8.496e-06, time/iteration:  4.338e+01 ms
[step:      42600] loss:  8.133e-06, time/iteration:  4.329e+01 ms
[step:      42700] loss:  8.718e-06, time/iteration:  4.334e+01 ms
[step:      42800] loss:  9.012e-06, time/iteration:  4.340e+01 ms
[step:      42900] loss:  7.383e-06, time/iteration:  4.333e+01 ms
[step:      43000] record constraint batch time:  5.850e-02s
[step:      43000] record validators time:  3.061e-01s
[step:      43000] saved checkpoint to /content/PhysicsNemo_DeepONet/Darcy_DeepONet/outputs
[step:      43000] loss:  9.148e-06, time/iteration:  4.838e+01 ms
[step:      43100] loss:  8.495e-06, time/iteration:  4.340e+01 ms
[step:      43200] loss:  7.950e-06, time/iteration:  4.329e+01 ms
[step:      43300] loss:  8.356e-06, time/iteration:  4.440e+01 ms
[step:      43400] loss:  6.905e-06, time/iteration:  4.337e+01 ms
[step:      43500] loss:  8.893e-06, time/iteration:  4.338e+01 ms
[step:      43600] loss:  7.612e-06, time/iteration:  4.345e+01 ms
[step:      43700] loss:  7.233e-06, time/iteration:  4.328e+01 ms
[step:      43800] loss:  1.061e-05, time/iteration:  4.335e+01 ms
[step:      43900] loss:  6.723e-06, time/iteration:  4.338e+01 ms
[step:      44000] record constraint batch time:  5.859e-02s
[step:      44000] record validators time:  3.086e-01s
[step:      44000] saved checkpoint to /content/PhysicsNemo_DeepONet/Darcy_DeepONet/outputs
[step:      44000] loss:  7.730e-06, time/iteration:  4.832e+01 ms
[step:      44100] loss:  7.234e-06, time/iteration:  4.342e+01 ms
[step:      44200] loss:  8.567e-06, time/iteration:  4.435e+01 ms
[step:      44300] loss:  8.214e-06, time/iteration:  4.336e+01 ms
[step:      44400] loss:  9.241e-06, time/iteration:  4.332e+01 ms
[step:      44500] loss:  8.711e-06, time/iteration:  4.328e+01 ms
[step:      44600] loss:  7.682e-06, time/iteration:  4.341e+01 ms
[step:      44700] loss:  6.554e-06, time/iteration:  4.348e+01 ms
[step:      44800] loss:  6.258e-06, time/iteration:  4.364e+01 ms
[step:      44900] loss:  8.741e-06, time/iteration:  4.363e+01 ms
[step:      45000] record constraint batch time:  5.937e-02s
[step:      45000] record validators time:  3.098e-01s
[step:      45000] saved checkpoint to /content/PhysicsNemo_DeepONet/Darcy_DeepONet/outputs
[step:      45000] loss:  7.070e-06, time/iteration:  4.878e+01 ms
[step:      45100] loss:  7.114e-06, time/iteration:  4.380e+01 ms
[step:      45200] loss:  8.866e-06, time/iteration:  4.487e+01 ms
[step:      45300] loss:  7.116e-06, time/iteration:  4.383e+01 ms
[step:      45400] loss:  6.149e-06, time/iteration:  4.383e+01 ms
[step:      45500] loss:  7.932e-06, time/iteration:  4.385e+01 ms
[step:      45600] loss:  9.162e-06, time/iteration:  4.385e+01 ms
[step:      45700] loss:  7.598e-06, time/iteration:  4.358e+01 ms
[step:      45800] loss:  7.271e-06, time/iteration:  4.357e+01 ms
[step:      45900] loss:  8.179e-06, time/iteration:  4.349e+01 ms
[step:      46000] record constraint batch time:  5.922e-02s
[step:      46000] record validators time:  2.904e-01s
[step:      46000] saved checkpoint to /content/PhysicsNemo_DeepONet/Darcy_DeepONet/outputs
[step:      46000] loss:  1.025e-05, time/iteration:  4.805e+01 ms
[step:      46100] loss:  7.941e-06, time/iteration:  4.437e+01 ms
[step:      46200] loss:  7.780e-06, time/iteration:  4.335e+01 ms
[step:      46300] loss:  7.662e-06, time/iteration:  4.345e+01 ms
[step:      46400] loss:  8.161e-06, time/iteration:  4.350e+01 ms
[step:      46500] loss:  7.144e-06, time/iteration:  4.346e+01 ms
[step:      46600] loss:  8.869e-06, time/iteration:  4.353e+01 ms
[step:      46700] loss:  7.878e-06, time/iteration:  4.356e+01 ms
[step:      46800] loss:  7.943e-06, time/iteration:  4.365e+01 ms
[step:      46900] loss:  7.810e-06, time/iteration:  4.365e+01 ms
[step:      47000] record constraint batch time:  5.893e-02s
[step:      47000] record validators time:  3.047e-01s
[step:      47000] saved checkpoint to /content/PhysicsNemo_DeepONet/Darcy_DeepONet/outputs
[step:      47000] loss:  9.160e-06, time/iteration:  4.845e+01 ms
[step:      47100] loss:  7.448e-06, time/iteration:  4.457e+01 ms
[step:      47200] loss:  1.085e-05, time/iteration:  4.355e+01 ms
[step:      47300] loss:  1.035e-05, time/iteration:  4.346e+01 ms
[step:      47400] loss:  8.145e-06, time/iteration:  4.348e+01 ms
[step:      47500] loss:  6.909e-06, time/iteration:  4.350e+01 ms
[step:      47600] loss:  7.162e-06, time/iteration:  4.347e+01 ms
[step:      47700] loss:  9.663e-06, time/iteration:  4.358e+01 ms
[step:      47800] loss:  9.078e-06, time/iteration:  4.350e+01 ms
[step:      47900] loss:  8.184e-06, time/iteration:  4.350e+01 ms
[step:      48000] record constraint batch time:  5.882e-02s
[step:      48000] record validators time:  3.056e-01s
[step:      48000] saved checkpoint to /content/PhysicsNemo_DeepONet/Darcy_DeepONet/outputs
[step:      48000] loss:  6.834e-06, time/iteration:  4.855e+01 ms
[step:      48100] loss:  6.462e-06, time/iteration:  4.455e+01 ms
[step:      48200] loss:  8.263e-06, time/iteration:  4.353e+01 ms
[step:      48300] loss:  9.596e-06, time/iteration:  4.365e+01 ms
[step:      48400] loss:  7.612e-06, time/iteration:  4.358e+01 ms
[step:      48500] loss:  7.945e-06, time/iteration:  4.356e+01 ms
[step:      48600] loss:  7.206e-06, time/iteration:  4.364e+01 ms
[step:      48700] loss:  7.859e-06, time/iteration:  4.362e+01 ms
[step:      48800] loss:  8.409e-06, time/iteration:  4.367e+01 ms
[step:      48900] loss:  8.027e-06, time/iteration:  4.362e+01 ms
[step:      49000] record constraint batch time:  5.928e-02s
[step:      49000] record validators time:  3.156e-01s
[step:      49000] saved checkpoint to /content/PhysicsNemo_DeepONet/Darcy_DeepONet/outputs
[step:      49000] loss:  6.611e-06, time/iteration:  4.970e+01 ms
[step:      49100] loss:  6.545e-06, time/iteration:  4.368e+01 ms
[step:      49200] loss:  7.846e-06, time/iteration:  4.359e+01 ms
[step:      49300] loss:  7.479e-06, time/iteration:  4.369e+01 ms
[step:      49400] loss:  7.609e-06, time/iteration:  4.368e+01 ms
[step:      49500] loss:  9.693e-06, time/iteration:  4.358e+01 ms
[step:      49600] loss:  9.957e-06, time/iteration:  4.360e+01 ms
[step:      49700] loss:  7.429e-06, time/iteration:  4.358e+01 ms
[step:      49800] loss:  7.638e-06, time/iteration:  4.355e+01 ms
[step:      49900] loss:  7.636e-06, time/iteration:  4.358e+01 ms
[step:      50000] record constraint batch time:  5.859e-02s
[step:      50000] record validators time:  3.048e-01s
[step:      50000] saved checkpoint to /content/PhysicsNemo_DeepONet/Darcy_DeepONet/outputs
[step:      50000] loss:  7.293e-06, time/iteration:  4.945e+01 ms
[step:      50100] loss:  9.594e-06, time/iteration:  4.361e+01 ms
[step:      50200] loss:  7.049e-06, time/iteration:  4.368e+01 ms
[step:      50300] loss:  6.488e-06, time/iteration:  4.365e+01 ms
[step:      50400] loss:  7.397e-06, time/iteration:  4.368e+01 ms
[step:      50500] loss:  7.765e-06, time/iteration:  4.369e+01 ms
[step:      50600] loss:  7.007e-06, time/iteration:  4.364e+01 ms
[step:      50700] loss:  7.586e-06, time/iteration:  4.371e+01 ms
[step:      50800] loss:  8.482e-06, time/iteration:  4.362e+01 ms
[step:      50900] loss:  7.780e-06, time/iteration:  4.467e+01 ms
[step:      51000] record constraint batch time:  5.943e-02s
[step:      51000] record validators time:  3.111e-01s
[step:      51000] saved checkpoint to /content/PhysicsNemo_DeepONet/Darcy_DeepONet/outputs
[step:      51000] loss:  7.964e-06, time/iteration:  4.875e+01 ms
[step:      51100] loss:  7.400e-06, time/iteration:  4.366e+01 ms
[step:      51200] loss:  1.090e-05, time/iteration:  4.360e+01 ms
[step:      51300] loss:  7.872e-06, time/iteration:  4.358e+01 ms
[step:      51400] loss:  1.077e-05, time/iteration:  4.359e+01 ms
[step:      51500] loss:  7.769e-06, time/iteration:  4.367e+01 ms
[step:      51600] loss:  6.740e-06, time/iteration:  4.371e+01 ms
[step:      51700] loss:  6.680e-06, time/iteration:  4.366e+01 ms
[step:      51800] loss:  7.212e-06, time/iteration:  4.375e+01 ms
[step:      51900] loss:  7.039e-06, time/iteration:  4.467e+01 ms
[step:      52000] record constraint batch time:  5.914e-02s
[step:      52000] record validators time:  2.901e-01s
[step:      52000] saved checkpoint to /content/PhysicsNemo_DeepONet/Darcy_DeepONet/outputs
[step:      52000] loss:  8.228e-06, time/iteration:  4.820e+01 ms
[step:      52100] loss:  7.859e-06, time/iteration:  4.344e+01 ms
[step:      52200] loss:  6.141e-06, time/iteration:  4.345e+01 ms
[step:      52300] loss:  7.507e-06, time/iteration:  4.364e+01 ms
[step:      52400] loss:  7.232e-06, time/iteration:  4.340e+01 ms
[step:      52500] loss:  7.214e-06, time/iteration:  4.342e+01 ms
[step:      52600] loss:  6.170e-06, time/iteration:  4.335e+01 ms
[step:      52700] loss:  6.460e-06, time/iteration:  4.350e+01 ms
[step:      52800] loss:  5.902e-06, time/iteration:  4.328e+01 ms
[step:      52900] loss:  6.018e-06, time/iteration:  4.434e+01 ms
[step:      53000] record constraint batch time:  5.856e-02s
[step:      53000] record validators time:  2.980e-01s
[step:      53000] saved checkpoint to /content/PhysicsNemo_DeepONet/Darcy_DeepONet/outputs
[step:      53000] loss:  5.895e-06, time/iteration:  4.824e+01 ms
[step:      53100] loss:  9.349e-06, time/iteration:  4.331e+01 ms
[step:      53200] loss:  6.591e-06, time/iteration:  4.339e+01 ms
[step:      53300] loss:  9.044e-06, time/iteration:  4.328e+01 ms
[step:      53400] loss:  6.291e-06, time/iteration:  4.338e+01 ms
[step:      53500] loss:  7.048e-06, time/iteration:  4.342e+01 ms
[step:      53600] loss:  6.826e-06, time/iteration:  4.330e+01 ms
[step:      53700] loss:  7.122e-06, time/iteration:  4.334e+01 ms
[step:      53800] loss:  5.453e-06, time/iteration:  4.432e+01 ms
[step:      53900] loss:  6.680e-06, time/iteration:  4.329e+01 ms
[step:      54000] record constraint batch time:  5.868e-02s
[step:      54000] record validators time:  3.089e-01s
[step:      54000] saved checkpoint to /content/PhysicsNemo_DeepONet/Darcy_DeepONet/outputs
[step:      54000] loss:  8.709e-06, time/iteration:  4.815e+01 ms
[step:      54100] loss:  6.053e-06, time/iteration:  4.333e+01 ms
[step:      54200] loss:  6.682e-06, time/iteration:  4.334e+01 ms
[step:      54300] loss:  6.683e-06, time/iteration:  4.344e+01 ms
[step:      54400] loss:  5.940e-06, time/iteration:  4.337e+01 ms
[step:      54500] loss:  6.949e-06, time/iteration:  4.334e+01 ms
[step:      54600] loss:  6.656e-06, time/iteration:  4.334e+01 ms
[step:      54700] loss:  6.632e-06, time/iteration:  4.330e+01 ms
[step:      54800] loss:  6.544e-06, time/iteration:  4.428e+01 ms
[step:      54900] loss:  7.230e-06, time/iteration:  4.335e+01 ms
[step:      55000] record constraint batch time:  5.870e-02s
[step:      55000] record validators time:  2.933e-01s
[step:      55000] saved checkpoint to /content/PhysicsNemo_DeepONet/Darcy_DeepONet/outputs
[step:      55000] loss:  7.575e-06, time/iteration:  4.794e+01 ms
[step:      55100] loss:  7.910e-06, time/iteration:  4.338e+01 ms
[step:      55200] loss:  6.178e-06, time/iteration:  4.328e+01 ms
[step:      55300] loss:  6.064e-06, time/iteration:  4.328e+01 ms
[step:      55400] loss:  6.083e-06, time/iteration:  4.335e+01 ms
[step:      55500] loss:  6.095e-06, time/iteration:  4.327e+01 ms
[step:      55600] loss:  7.228e-06, time/iteration:  4.327e+01 ms
[step:      55700] loss:  6.449e-06, time/iteration:  4.442e+01 ms
[step:      55800] loss:  7.367e-06, time/iteration:  4.325e+01 ms
[step:      55900] loss:  7.300e-06, time/iteration:  4.333e+01 ms
[step:      56000] record constraint batch time:  5.851e-02s
[step:      56000] record validators time:  3.037e-01s
[step:      56000] saved checkpoint to /content/PhysicsNemo_DeepONet/Darcy_DeepONet/outputs
[step:      56000] loss:  6.069e-06, time/iteration:  4.806e+01 ms
[step:      56100] loss:  6.798e-06, time/iteration:  4.335e+01 ms
[step:      56200] loss:  7.572e-06, time/iteration:  4.341e+01 ms
[step:      56300] loss:  8.619e-06, time/iteration:  4.335e+01 ms
[step:      56400] loss:  6.632e-06, time/iteration:  4.341e+01 ms
[step:      56500] loss:  8.766e-06, time/iteration:  4.351e+01 ms
[step:      56600] loss:  7.697e-06, time/iteration:  4.331e+01 ms
[step:      56700] loss:  7.182e-06, time/iteration:  4.429e+01 ms
[step:      56800] loss:  7.120e-06, time/iteration:  4.333e+01 ms
[step:      56900] loss:  6.452e-06, time/iteration:  4.327e+01 ms
[step:      57000] record constraint batch time:  5.879e-02s
[step:      57000] record validators time:  3.030e-01s
[step:      57000] saved checkpoint to /content/PhysicsNemo_DeepONet/Darcy_DeepONet/outputs
[step:      57000] loss:  7.495e-06, time/iteration:  4.811e+01 ms
[step:      57100] loss:  6.806e-06, time/iteration:  4.344e+01 ms
[step:      57200] loss:  6.028e-06, time/iteration:  4.333e+01 ms
[step:      57300] loss:  6.835e-06, time/iteration:  4.338e+01 ms
[step:      57400] loss:  7.862e-06, time/iteration:  4.329e+01 ms
[step:      57500] loss:  7.446e-06, time/iteration:  4.330e+01 ms
[step:      57600] loss:  5.246e-06, time/iteration:  4.341e+01 ms
[step:      57700] loss:  6.863e-06, time/iteration:  4.425e+01 ms
[step:      57800] loss:  6.842e-06, time/iteration:  4.329e+01 ms
[step:      57900] loss:  1.347e-05, time/iteration:  4.339e+01 ms
[step:      58000] record constraint batch time:  5.869e-02s
[step:      58000] record validators time:  2.875e-01s
[step:      58000] saved checkpoint to /content/PhysicsNemo_DeepONet/Darcy_DeepONet/outputs
[step:      58000] loss:  8.126e-06, time/iteration:  4.801e+01 ms
[step:      58100] loss:  6.644e-06, time/iteration:  4.334e+01 ms
[step:      58200] loss:  7.429e-06, time/iteration:  4.333e+01 ms
[step:      58300] loss:  5.810e-06, time/iteration:  4.329e+01 ms
[step:      58400] loss:  6.057e-06, time/iteration:  4.336e+01 ms
[step:      58500] loss:  6.345e-06, time/iteration:  4.338e+01 ms
[step:      58600] loss:  6.753e-06, time/iteration:  4.425e+01 ms
[step:      58700] loss:  7.713e-06, time/iteration:  4.351e+01 ms
[step:      58800] loss:  6.752e-06, time/iteration:  4.332e+01 ms
[step:      58900] loss:  5.408e-06, time/iteration:  4.344e+01 ms
[step:      59000] record constraint batch time:  5.932e-02s
[step:      59000] record validators time:  3.097e-01s
[step:      59000] saved checkpoint to /content/PhysicsNemo_DeepONet/Darcy_DeepONet/outputs
[step:      59000] loss:  6.095e-06, time/iteration:  4.840e+01 ms
[step:      59100] loss:  5.460e-06, time/iteration:  4.346e+01 ms
[step:      59200] loss:  6.282e-06, time/iteration:  4.353e+01 ms
[step:      59300] loss:  7.245e-06, time/iteration:  4.360e+01 ms
[step:      59400] loss:  6.228e-06, time/iteration:  4.358e+01 ms
[step:      59500] loss:  5.689e-06, time/iteration:  4.344e+01 ms
[step:      59600] loss:  6.504e-06, time/iteration:  4.438e+01 ms
[step:      59700] loss:  5.567e-06, time/iteration:  4.341e+01 ms
[step:      59800] loss:  6.752e-06, time/iteration:  4.351e+01 ms
[step:      59900] loss:  8.314e-06, time/iteration:  4.342e+01 ms
[step:      60000] record constraint batch time:  5.917e-02s
[step:      60000] record validators time:  2.825e-01s
[step:      60000] saved checkpoint to /content/PhysicsNemo_DeepONet/Darcy_DeepONet/outputs
[step:      60000] loss:  7.233e-06, time/iteration:  4.781e+01 ms
[step:      60100] loss:  6.480e-06, time/iteration:  4.339e+01 ms
[step:      60200] loss:  5.178e-06, time/iteration:  4.334e+01 ms
[step:      60300] loss:  5.547e-06, time/iteration:  4.338e+01 ms
[step:      60400] loss:  6.474e-06, time/iteration:  4.336e+01 ms
[step:      60500] loss:  6.829e-06, time/iteration:  4.425e+01 ms
[step:      60600] loss:  6.003e-06, time/iteration:  4.340e+01 ms
[step:      60700] loss:  6.023e-06, time/iteration:  4.329e+01 ms
[step:      60800] loss:  7.026e-06, time/iteration:  4.333e+01 ms
[step:      60900] loss:  5.597e-06, time/iteration:  4.339e+01 ms
[step:      61000] record constraint batch time:  5.822e-02s
[step:      61000] record validators time:  3.067e-01s
[step:      61000] saved checkpoint to /content/PhysicsNemo_DeepONet/Darcy_DeepONet/outputs
[step:      61000] loss:  6.388e-06, time/iteration:  4.805e+01 ms
[step:      61100] loss:  6.050e-06, time/iteration:  4.333e+01 ms
[step:      61200] loss:  7.070e-06, time/iteration:  4.346e+01 ms
[step:      61300] loss:  6.756e-06, time/iteration:  4.336e+01 ms
[step:      61400] loss:  6.629e-06, time/iteration:  4.330e+01 ms
[step:      61500] loss:  6.206e-06, time/iteration:  4.428e+01 ms
[step:      61600] loss:  5.620e-06, time/iteration:  4.327e+01 ms
[step:      61700] loss:  4.729e-06, time/iteration:  4.340e+01 ms
[step:      61800] loss:  7.036e-06, time/iteration:  4.329e+01 ms
[step:      61900] loss:  6.121e-06, time/iteration:  4.329e+01 ms
[step:      62000] record constraint batch time:  5.893e-02s
[step:      62000] record validators time:  3.025e-01s
[step:      62000] saved checkpoint to /content/PhysicsNemo_DeepONet/Darcy_DeepONet/outputs
[step:      62000] loss:  5.568e-06, time/iteration:  4.821e+01 ms
[step:      62100] loss:  5.899e-06, time/iteration:  4.333e+01 ms
[step:      62200] loss:  5.170e-06, time/iteration:  4.334e+01 ms
[step:      62300] loss:  6.960e-06, time/iteration:  4.339e+01 ms
[step:      62400] loss:  6.716e-06, time/iteration:  4.336e+01 ms
[step:      62500] loss:  6.214e-06, time/iteration:  4.436e+01 ms
[step:      62600] loss:  5.978e-06, time/iteration:  4.336e+01 ms
[step:      62700] loss:  5.553e-06, time/iteration:  4.329e+01 ms
[step:      62800] loss:  6.776e-06, time/iteration:  4.336e+01 ms
[step:      62900] loss:  8.665e-06, time/iteration:  4.328e+01 ms
[step:      63000] record constraint batch time:  5.869e-02s
[step:      63000] record validators time:  3.037e-01s
[step:      63000] saved checkpoint to /content/PhysicsNemo_DeepONet/Darcy_DeepONet/outputs
[step:      63000] loss:  7.311e-06, time/iteration:  4.810e+01 ms
[step:      63100] loss:  7.124e-06, time/iteration:  4.345e+01 ms
[step:      63200] loss:  6.477e-06, time/iteration:  4.331e+01 ms
[step:      63300] loss:  6.651e-06, time/iteration:  4.338e+01 ms
[step:      63400] loss:  5.963e-06, time/iteration:  4.435e+01 ms
[step:      63500] loss:  7.901e-06, time/iteration:  4.333e+01 ms
[step:      63600] loss:  7.172e-06, time/iteration:  4.334e+01 ms
[step:      63700] loss:  6.209e-06, time/iteration:  4.332e+01 ms
[step:      63800] loss:  5.024e-06, time/iteration:  4.328e+01 ms
[step:      63900] loss:  7.119e-06, time/iteration:  4.353e+01 ms
[step:      64000] record constraint batch time:  5.876e-02s
[step:      64000] record validators time:  3.053e-01s
[step:      64000] saved checkpoint to /content/PhysicsNemo_DeepONet/Darcy_DeepONet/outputs
[step:      64000] loss:  6.463e-06, time/iteration:  4.817e+01 ms
[step:      64100] loss:  6.762e-06, time/iteration:  4.333e+01 ms
[step:      64200] loss:  6.340e-06, time/iteration:  4.339e+01 ms
[step:      64300] loss:  5.796e-06, time/iteration:  4.324e+01 ms
[step:      64400] loss:  5.496e-06, time/iteration:  4.428e+01 ms
[step:      64500] loss:  5.265e-06, time/iteration:  4.330e+01 ms
[step:      64600] loss:  6.208e-06, time/iteration:  4.333e+01 ms
[step:      64700] loss:  5.477e-06, time/iteration:  4.331e+01 ms
[step:      64800] loss:  5.650e-06, time/iteration:  4.328e+01 ms
[step:      64900] loss:  6.562e-06, time/iteration:  4.327e+01 ms
[step:      65000] record constraint batch time:  5.868e-02s
[step:      65000] record validators time:  2.889e-01s
[step:      65000] saved checkpoint to /content/PhysicsNemo_DeepONet/Darcy_DeepONet/outputs
[step:      65000] loss:  6.924e-06, time/iteration:  4.807e+01 ms
[step:      65100] loss:  6.000e-06, time/iteration:  4.330e+01 ms
[step:      65200] loss:  7.298e-06, time/iteration:  4.338e+01 ms
[step:      65300] loss:  6.497e-06, time/iteration:  4.439e+01 ms
[step:      65400] loss:  7.136e-06, time/iteration:  4.334e+01 ms
[step:      65500] loss:  6.987e-06, time/iteration:  4.337e+01 ms
[step:      65600] loss:  7.061e-06, time/iteration:  4.333e+01 ms
[step:      65700] loss:  5.345e-06, time/iteration:  4.328e+01 ms
[step:      65800] loss:  4.908e-06, time/iteration:  4.334e+01 ms
[step:      65900] loss:  5.551e-06, time/iteration:  4.330e+01 ms
[step:      66000] record constraint batch time:  6.013e-02s
[step:      66000] record validators time:  3.089e-01s
[step:      66000] saved checkpoint to /content/PhysicsNemo_DeepONet/Darcy_DeepONet/outputs
[step:      66000] loss:  5.782e-06, time/iteration:  4.820e+01 ms
[step:      66100] loss:  5.402e-06, time/iteration:  4.341e+01 ms
[step:      66200] loss:  7.213e-06, time/iteration:  4.334e+01 ms
[step:      66300] loss:  6.304e-06, time/iteration:  4.421e+01 ms
[step:      66400] loss:  7.148e-06, time/iteration:  4.339e+01 ms
[step:      66500] loss:  6.022e-06, time/iteration:  4.329e+01 ms
[step:      66600] loss:  5.193e-06, time/iteration:  4.333e+01 ms
[step:      66700] loss:  6.588e-06, time/iteration:  4.337e+01 ms
[step:      66800] loss:  6.657e-06, time/iteration:  4.331e+01 ms
[step:      66900] loss:  7.239e-06, time/iteration:  4.341e+01 ms
[step:      67000] record constraint batch time:  5.879e-02s
[step:      67000] record validators time:  3.054e-01s
[step:      67000] saved checkpoint to /content/PhysicsNemo_DeepONet/Darcy_DeepONet/outputs
[step:      67000] loss:  5.143e-06, time/iteration:  4.816e+01 ms
[step:      67100] loss:  5.576e-06, time/iteration:  4.328e+01 ms
[step:      67200] loss:  7.432e-06, time/iteration:  4.341e+01 ms
[step:      67300] loss:  5.294e-06, time/iteration:  4.426e+01 ms
[step:      67400] loss:  5.700e-06, time/iteration:  4.326e+01 ms
[step:      67500] loss:  5.670e-06, time/iteration:  4.336e+01 ms
[step:      67600] loss:  6.500e-06, time/iteration:  4.327e+01 ms
[step:      67700] loss:  5.245e-06, time/iteration:  4.325e+01 ms
[step:      67800] loss:  5.816e-06, time/iteration:  4.331e+01 ms
[step:      67900] loss:  5.741e-06, time/iteration:  4.331e+01 ms
[step:      68000] record constraint batch time:  5.889e-02s
[step:      68000] record validators time:  3.058e-01s
[step:      68000] saved checkpoint to /content/PhysicsNemo_DeepONet/Darcy_DeepONet/outputs
[step:      68000] loss:  6.383e-06, time/iteration:  4.814e+01 ms
[step:      68100] loss:  5.748e-06, time/iteration:  4.337e+01 ms
[step:      68200] loss:  5.776e-06, time/iteration:  4.427e+01 ms
[step:      68300] loss:  5.708e-06, time/iteration:  4.337e+01 ms
[step:      68400] loss:  6.325e-06, time/iteration:  4.328e+01 ms
[step:      68500] loss:  5.476e-06, time/iteration:  4.334e+01 ms
[step:      68600] loss:  5.520e-06, time/iteration:  4.335e+01 ms
[step:      68700] loss:  7.087e-06, time/iteration:  4.330e+01 ms
[step:      68800] loss:  6.673e-06, time/iteration:  4.331e+01 ms
[step:      68900] loss:  4.794e-06, time/iteration:  4.339e+01 ms
[step:      69000] record constraint batch time:  5.919e-02s
[step:      69000] record validators time:  2.876e-01s
[step:      69000] saved checkpoint to /content/PhysicsNemo_DeepONet/Darcy_DeepONet/outputs
[step:      69000] loss:  6.308e-06, time/iteration:  4.796e+01 ms
[step:      69100] loss:  6.000e-06, time/iteration:  4.340e+01 ms
[step:      69200] loss:  5.311e-06, time/iteration:  4.434e+01 ms
[step:      69300] loss:  6.535e-06, time/iteration:  4.329e+01 ms
[step:      69400] loss:  5.311e-06, time/iteration:  4.342e+01 ms
[step:      69500] loss:  6.100e-06, time/iteration:  4.332e+01 ms
[step:      69600] loss:  5.749e-06, time/iteration:  4.333e+01 ms
[step:      69700] loss:  6.819e-06, time/iteration:  4.343e+01 ms
[step:      69800] loss:  5.249e-06, time/iteration:  4.329e+01 ms
[step:      69900] loss:  5.971e-06, time/iteration:  4.336e+01 ms
[step:      70000] record constraint batch time:  5.882e-02s
[step:      70000] record validators time:  2.926e-01s
[step:      70000] saved checkpoint to /content/PhysicsNemo_DeepONet/Darcy_DeepONet/outputs
[step:      70000] loss:  5.617e-06, time/iteration:  4.816e+01 ms
[step:      70100] loss:  5.267e-06, time/iteration:  4.423e+01 ms
[step:      70200] loss:  5.731e-06, time/iteration:  4.335e+01 ms
[step:      70300] loss:  6.317e-06, time/iteration:  4.330e+01 ms
[step:      70400] loss:  7.023e-06, time/iteration:  4.334e+01 ms
[step:      70500] loss:  6.915e-06, time/iteration:  4.338e+01 ms
[step:      70600] loss:  5.346e-06, time/iteration:  4.334e+01 ms
[step:      70700] loss:  5.531e-06, time/iteration:  4.335e+01 ms
[step:      70800] loss:  6.839e-06, time/iteration:  4.343e+01 ms
[step:      70900] loss:  7.013e-06, time/iteration:  4.338e+01 ms
[step:      71000] record constraint batch time:  5.877e-02s
[step:      71000] record validators time:  3.079e-01s
[step:      71000] saved checkpoint to /content/PhysicsNemo_DeepONet/Darcy_DeepONet/outputs
[step:      71000] loss:  6.591e-06, time/iteration:  4.822e+01 ms
[step:      71100] loss:  5.943e-06, time/iteration:  4.432e+01 ms
[step:      71200] loss:  5.465e-06, time/iteration:  4.328e+01 ms
[step:      71300] loss:  5.498e-06, time/iteration:  4.340e+01 ms
[step:      71400] loss:  6.292e-06, time/iteration:  4.335e+01 ms
[step:      71500] loss:  6.249e-06, time/iteration:  4.330e+01 ms
[step:      71600] loss:  5.232e-06, time/iteration:  4.338e+01 ms
[step:      71700] loss:  4.815e-06, time/iteration:  4.327e+01 ms
[step:      71800] loss:  5.726e-06, time/iteration:  4.327e+01 ms
[step:      71900] loss:  5.443e-06, time/iteration:  4.334e+01 ms
[step:      72000] record constraint batch time:  5.891e-02s
[step:      72000] record validators time:  3.094e-01s
[step:      72000] saved checkpoint to /content/PhysicsNemo_DeepONet/Darcy_DeepONet/outputs
[step:      72000] loss:  5.652e-06, time/iteration:  4.824e+01 ms
[step:      72100] loss:  6.235e-06, time/iteration:  4.436e+01 ms
[step:      72200] loss:  6.222e-06, time/iteration:  4.334e+01 ms
[step:      72300] loss:  7.040e-06, time/iteration:  4.330e+01 ms
[step:      72400] loss:  5.657e-06, time/iteration:  4.336e+01 ms
[step:      72500] loss:  5.341e-06, time/iteration:  4.332e+01 ms
[step:      72600] loss:  4.159e-06, time/iteration:  4.332e+01 ms
[step:      72700] loss:  5.513e-06, time/iteration:  4.339e+01 ms
[step:      72800] loss:  6.576e-06, time/iteration:  4.344e+01 ms
[step:      72900] loss:  4.813e-06, time/iteration:  4.351e+01 ms
[step:      73000] record constraint batch time:  5.904e-02s
[step:      73000] record validators time:  3.065e-01s
[step:      73000] saved checkpoint to /content/PhysicsNemo_DeepONet/Darcy_DeepONet/outputs
[step:      73000] loss:  6.217e-06, time/iteration:  4.958e+01 ms
[step:      73100] loss:  4.796e-06, time/iteration:  4.337e+01 ms
[step:      73200] loss:  6.201e-06, time/iteration:  4.329e+01 ms
[step:      73300] loss:  5.592e-06, time/iteration:  4.337e+01 ms
[step:      73400] loss:  5.399e-06, time/iteration:  4.331e+01 ms
[step:      73500] loss:  5.807e-06, time/iteration:  4.345e+01 ms
[step:      73600] loss:  6.494e-06, time/iteration:  4.344e+01 ms
[step:      73700] loss:  5.069e-06, time/iteration:  4.332e+01 ms
[step:      73800] loss:  5.867e-06, time/iteration:  4.337e+01 ms
[step:      73900] loss:  5.347e-06, time/iteration:  4.331e+01 ms
[step:      74000] record constraint batch time:  5.860e-02s
[step:      74000] record validators time:  3.029e-01s
[step:      74000] saved checkpoint to /content/PhysicsNemo_DeepONet/Darcy_DeepONet/outputs
[step:      74000] loss:  5.600e-06, time/iteration:  4.919e+01 ms
[step:      74100] loss:  6.084e-06, time/iteration:  4.334e+01 ms
[step:      74200] loss:  6.340e-06, time/iteration:  4.329e+01 ms
[step:      74300] loss:  5.819e-06, time/iteration:  4.331e+01 ms
[step:      74400] loss:  5.840e-06, time/iteration:  4.335e+01 ms
[step:      74500] loss:  4.574e-06, time/iteration:  4.324e+01 ms
[step:      74600] loss:  5.977e-06, time/iteration:  4.331e+01 ms
[step:      74700] loss:  6.313e-06, time/iteration:  4.330e+01 ms
[step:      74800] loss:  5.569e-06, time/iteration:  4.333e+01 ms
[step:      74900] loss:  5.196e-06, time/iteration:  4.434e+01 ms
[step:      75000] record constraint batch time:  5.863e-02s
[step:      75000] record validators time:  3.089e-01s
[step:      75000] saved checkpoint to /content/PhysicsNemo_DeepONet/Darcy_DeepONet/outputs
[step:      75000] loss:  5.440e-06, time/iteration:  4.835e+01 ms
[step:      75100] loss:  5.499e-06, time/iteration:  4.339e+01 ms
[step:      75200] loss:  6.045e-06, time/iteration:  4.340e+01 ms
[step:      75300] loss:  6.696e-06, time/iteration:  4.326e+01 ms
[step:      75400] loss:  5.714e-06, time/iteration:  4.333e+01 ms
[step:      75500] loss:  4.892e-06, time/iteration:  4.344e+01 ms
[step:      75600] loss:  5.843e-06, time/iteration:  4.326e+01 ms
[step:      75700] loss:  5.148e-06, time/iteration:  4.333e+01 ms
[step:      75800] loss:  5.877e-06, time/iteration:  4.339e+01 ms
[step:      75900] loss:  5.815e-06, time/iteration:  4.427e+01 ms
[step:      76000] record constraint batch time:  5.909e-02s
[step:      76000] record validators time:  3.087e-01s
[step:      76000] saved checkpoint to /content/PhysicsNemo_DeepONet/Darcy_DeepONet/outputs
[step:      76000] loss:  5.995e-06, time/iteration:  4.847e+01 ms
[step:      76100] loss:  5.973e-06, time/iteration:  4.336e+01 ms
[step:      76200] loss:  4.485e-06, time/iteration:  4.342e+01 ms
[step:      76300] loss:  5.938e-06, time/iteration:  4.337e+01 ms
[step:      76400] loss:  5.543e-06, time/iteration:  4.332e+01 ms
[step:      76500] loss:  5.721e-06, time/iteration:  4.330e+01 ms
[step:      76600] loss:  4.928e-06, time/iteration:  4.335e+01 ms
[step:      76700] loss:  5.607e-06, time/iteration:  4.327e+01 ms
[step:      76800] loss:  4.984e-06, time/iteration:  4.335e+01 ms
[step:      76900] loss:  6.902e-06, time/iteration:  4.431e+01 ms
[step:      77000] record constraint batch time:  5.880e-02s
[step:      77000] record validators time:  3.032e-01s
[step:      77000] saved checkpoint to /content/PhysicsNemo_DeepONet/Darcy_DeepONet/outputs
[step:      77000] loss:  5.674e-06, time/iteration:  4.822e+01 ms
[step:      77100] loss:  6.297e-06, time/iteration:  4.343e+01 ms
[step:      77200] loss:  6.118e-06, time/iteration:  4.326e+01 ms
[step:      77300] loss:  5.330e-06, time/iteration:  4.329e+01 ms
[step:      77400] loss:  5.141e-06, time/iteration:  4.340e+01 ms
[step:      77500] loss:  5.543e-06, time/iteration:  4.330e+01 ms
[step:      77600] loss:  5.515e-06, time/iteration:  4.338e+01 ms
[step:      77700] loss:  6.013e-06, time/iteration:  4.341e+01 ms
[step:      77800] loss:  5.862e-06, time/iteration:  4.428e+01 ms
[step:      77900] loss:  5.584e-06, time/iteration:  4.333e+01 ms
[step:      78000] record constraint batch time:  5.889e-02s
[step:      78000] record validators time:  3.048e-01s
[step:      78000] saved checkpoint to /content/PhysicsNemo_DeepONet/Darcy_DeepONet/outputs
[step:      78000] loss:  7.068e-06, time/iteration:  4.825e+01 ms
[step:      78100] loss:  5.750e-06, time/iteration:  4.335e+01 ms
[step:      78200] loss:  5.043e-06, time/iteration:  4.336e+01 ms
[step:      78300] loss:  5.434e-06, time/iteration:  4.334e+01 ms
[step:      78400] loss:  4.452e-06, time/iteration:  4.333e+01 ms
[step:      78500] loss:  5.412e-06, time/iteration:  4.338e+01 ms
[step:      78600] loss:  4.990e-06, time/iteration:  4.327e+01 ms
[step:      78700] loss:  5.721e-06, time/iteration:  4.331e+01 ms
[step:      78800] loss:  4.598e-06, time/iteration:  4.437e+01 ms
[step:      78900] loss:  5.145e-06, time/iteration:  4.336e+01 ms
[step:      79000] record constraint batch time:  5.890e-02s
[step:      79000] record validators time:  3.062e-01s
[step:      79000] saved checkpoint to /content/PhysicsNemo_DeepONet/Darcy_DeepONet/outputs
[step:      79000] loss:  5.873e-06, time/iteration:  4.819e+01 ms
[step:      79100] loss:  4.634e-06, time/iteration:  4.342e+01 ms
[step:      79200] loss:  4.812e-06, time/iteration:  4.333e+01 ms
[step:      79300] loss:  5.233e-06, time/iteration:  4.336e+01 ms
[step:      79400] loss:  5.886e-06, time/iteration:  4.331e+01 ms
[step:      79500] loss:  5.384e-06, time/iteration:  4.339e+01 ms
[step:      79600] loss:  4.605e-06, time/iteration:  4.342e+01 ms
[step:      79700] loss:  5.489e-06, time/iteration:  4.424e+01 ms
[step:      79800] loss:  5.879e-06, time/iteration:  4.329e+01 ms
[step:      79900] loss:  5.324e-06, time/iteration:  4.337e+01 ms
[step:      80000] record constraint batch time:  5.907e-02s
[step:      80000] record validators time:  3.063e-01s
[step:      80000] saved checkpoint to /content/PhysicsNemo_DeepONet/Darcy_DeepONet/outputs
[step:      80000] loss:  4.140e-06, time/iteration:  4.827e+01 ms
[step:      80100] loss:  5.122e-06, time/iteration:  4.337e+01 ms
[step:      80200] loss:  4.889e-06, time/iteration:  4.330e+01 ms
[step:      80300] loss:  4.208e-06, time/iteration:  4.343e+01 ms
[step:      80400] loss:  5.442e-06, time/iteration:  4.336e+01 ms
[step:      80500] loss:  7.667e-06, time/iteration:  4.331e+01 ms
[step:      80600] loss:  5.492e-06, time/iteration:  4.336e+01 ms
[step:      80700] loss:  4.674e-06, time/iteration:  4.439e+01 ms
[step:      80800] loss:  4.884e-06, time/iteration:  4.331e+01 ms
[step:      80900] loss:  5.003e-06, time/iteration:  4.331e+01 ms
[step:      81000] record constraint batch time:  5.869e-02s
[step:      81000] record validators time:  3.046e-01s
[step:      81000] saved checkpoint to /content/PhysicsNemo_DeepONet/Darcy_DeepONet/outputs
[step:      81000] loss:  4.965e-06, time/iteration:  4.842e+01 ms
[step:      81100] loss:  4.941e-06, time/iteration:  4.335e+01 ms
[step:      81200] loss:  5.370e-06, time/iteration:  4.344e+01 ms
[step:      81300] loss:  5.014e-06, time/iteration:  4.336e+01 ms
[step:      81400] loss:  5.869e-06, time/iteration:  4.331e+01 ms
[step:      81500] loss:  5.938e-06, time/iteration:  4.346e+01 ms
[step:      81600] loss:  5.073e-06, time/iteration:  4.336e+01 ms
[step:      81700] loss:  5.935e-06, time/iteration:  4.436e+01 ms
[step:      81800] loss:  6.934e-06, time/iteration:  4.349e+01 ms
[step:      81900] loss:  5.436e-06, time/iteration:  4.336e+01 ms
[step:      82000] record constraint batch time:  5.893e-02s
[step:      82000] record validators time:  3.036e-01s
[step:      82000] saved checkpoint to /content/PhysicsNemo_DeepONet/Darcy_DeepONet/outputs
[step:      82000] loss:  6.103e-06, time/iteration:  4.836e+01 ms
[step:      82100] loss:  5.180e-06, time/iteration:  4.349e+01 ms
[step:      82200] loss:  5.203e-06, time/iteration:  4.341e+01 ms
[step:      82300] loss:  6.359e-06, time/iteration:  4.342e+01 ms
[step:      82400] loss:  5.154e-06, time/iteration:  4.341e+01 ms
[step:      82500] loss:  5.783e-06, time/iteration:  4.337e+01 ms
[step:      82600] loss:  5.524e-06, time/iteration:  4.438e+01 ms
[step:      82700] loss:  5.936e-06, time/iteration:  4.331e+01 ms
[step:      82800] loss:  5.696e-06, time/iteration:  4.339e+01 ms
[step:      82900] loss:  4.933e-06, time/iteration:  4.348e+01 ms
[step:      83000] record constraint batch time:  5.887e-02s
[step:      83000] record validators time:  3.087e-01s
[step:      83000] saved checkpoint to /content/PhysicsNemo_DeepONet/Darcy_DeepONet/outputs
[step:      83000] loss:  5.840e-06, time/iteration:  4.843e+01 ms
[step:      83100] loss:  5.170e-06, time/iteration:  4.347e+01 ms
[step:      83200] loss:  5.174e-06, time/iteration:  4.344e+01 ms
[step:      83300] loss:  6.724e-06, time/iteration:  4.335e+01 ms
[step:      83400] loss:  6.036e-06, time/iteration:  4.330e+01 ms
[step:      83500] loss:  4.786e-06, time/iteration:  4.335e+01 ms
[step:      83600] loss:  5.580e-06, time/iteration:  4.432e+01 ms
[step:      83700] loss:  6.387e-06, time/iteration:  4.340e+01 ms
[step:      83800] loss:  5.904e-06, time/iteration:  4.334e+01 ms
[step:      83900] loss:  4.764e-06, time/iteration:  4.335e+01 ms
[step:      84000] record constraint batch time:  5.932e-02s
[step:      84000] record validators time:  3.126e-01s
[step:      84000] saved checkpoint to /content/PhysicsNemo_DeepONet/Darcy_DeepONet/outputs
[step:      84000] loss:  5.209e-06, time/iteration:  4.851e+01 ms
[step:      84100] loss:  5.155e-06, time/iteration:  4.329e+01 ms
[step:      84200] loss:  5.161e-06, time/iteration:  4.329e+01 ms
[step:      84300] loss:  6.132e-06, time/iteration:  4.334e+01 ms
[step:      84400] loss:  5.649e-06, time/iteration:  4.345e+01 ms
[step:      84500] loss:  6.171e-06, time/iteration:  4.434e+01 ms
[step:      84600] loss:  6.821e-06, time/iteration:  4.339e+01 ms
[step:      84700] loss:  4.660e-06, time/iteration:  4.333e+01 ms
[step:      84800] loss:  5.163e-06, time/iteration:  4.337e+01 ms
[step:      84900] loss:  4.984e-06, time/iteration:  4.335e+01 ms
[step:      85000] record constraint batch time:  5.829e-02s
[step:      85000] record validators time:  3.058e-01s
[step:      85000] saved checkpoint to /content/PhysicsNemo_DeepONet/Darcy_DeepONet/outputs
[step:      85000] loss:  5.228e-06, time/iteration:  4.864e+01 ms
[step:      85100] loss:  6.497e-06, time/iteration:  4.341e+01 ms
[step:      85200] loss:  6.801e-06, time/iteration:  4.326e+01 ms
[step:      85300] loss:  5.867e-06, time/iteration:  4.329e+01 ms
[step:      85400] loss:  5.342e-06, time/iteration:  4.335e+01 ms
[step:      85500] loss:  4.555e-06, time/iteration:  4.429e+01 ms
[step:      85600] loss:  5.537e-06, time/iteration:  4.332e+01 ms
[step:      85700] loss:  4.515e-06, time/iteration:  4.343e+01 ms
[step:      85800] loss:  4.813e-06, time/iteration:  4.331e+01 ms
[step:      85900] loss:  5.298e-06, time/iteration:  4.333e+01 ms
[step:      86000] record constraint batch time:  5.876e-02s
[step:      86000] record validators time:  3.047e-01s
[step:      86000] saved checkpoint to /content/PhysicsNemo_DeepONet/Darcy_DeepONet/outputs
[step:      86000] loss:  4.980e-06, time/iteration:  4.819e+01 ms
[step:      86100] loss:  5.930e-06, time/iteration:  4.329e+01 ms
[step:      86200] loss:  4.390e-06, time/iteration:  4.337e+01 ms
[step:      86300] loss:  5.045e-06, time/iteration:  4.335e+01 ms
[step:      86400] loss:  5.487e-06, time/iteration:  4.330e+01 ms
[step:      86500] loss:  5.066e-06, time/iteration:  4.448e+01 ms
[step:      86600] loss:  5.128e-06, time/iteration:  4.358e+01 ms
[step:      86700] loss:  6.235e-06, time/iteration:  4.349e+01 ms
[step:      86800] loss:  4.802e-06, time/iteration:  4.332e+01 ms
[step:      86900] loss:  5.517e-06, time/iteration:  4.327e+01 ms
[step:      87000] record constraint batch time:  5.927e-02s
[step:      87000] record validators time:  3.068e-01s
[step:      87000] saved checkpoint to /content/PhysicsNemo_DeepONet/Darcy_DeepONet/outputs
[step:      87000] loss:  5.216e-06, time/iteration:  4.835e+01 ms
[step:      87100] loss:  4.714e-06, time/iteration:  4.349e+01 ms
[step:      87200] loss:  5.524e-06, time/iteration:  4.330e+01 ms
[step:      87300] loss:  5.116e-06, time/iteration:  4.344e+01 ms
[step:      87400] loss:  6.049e-06, time/iteration:  4.432e+01 ms
[step:      87500] loss:  4.378e-06, time/iteration:  4.333e+01 ms
[step:      87600] loss:  5.999e-06, time/iteration:  4.338e+01 ms
[step:      87700] loss:  4.990e-06, time/iteration:  4.340e+01 ms
[step:      87800] loss:  5.765e-06, time/iteration:  4.340e+01 ms
[step:      87900] loss:  5.435e-06, time/iteration:  4.329e+01 ms
[step:      88000] record constraint batch time:  5.895e-02s
[step:      88000] record validators time:  3.083e-01s
[step:      88000] saved checkpoint to /content/PhysicsNemo_DeepONet/Darcy_DeepONet/outputs
[step:      88000] loss:  5.431e-06, time/iteration:  4.823e+01 ms
[step:      88100] loss:  4.415e-06, time/iteration:  4.341e+01 ms
[step:      88200] loss:  4.554e-06, time/iteration:  4.325e+01 ms
[step:      88300] loss:  6.468e-06, time/iteration:  4.326e+01 ms
[step:      88400] loss:  5.277e-06, time/iteration:  4.435e+01 ms
[step:      88500] loss:  6.155e-06, time/iteration:  4.334e+01 ms
[step:      88600] loss:  5.770e-06, time/iteration:  4.325e+01 ms
[step:      88700] loss:  5.320e-06, time/iteration:  4.336e+01 ms
[step:      88800] loss:  5.588e-06, time/iteration:  4.327e+01 ms
[step:      88900] loss:  5.169e-06, time/iteration:  4.328e+01 ms
[step:      89000] record constraint batch time:  5.901e-02s
[step:      89000] record validators time:  3.037e-01s
[step:      89000] saved checkpoint to /content/PhysicsNemo_DeepONet/Darcy_DeepONet/outputs
[step:      89000] loss:  4.993e-06, time/iteration:  4.824e+01 ms
[step:      89100] loss:  5.696e-06, time/iteration:  4.336e+01 ms
[step:      89200] loss:  5.438e-06, time/iteration:  4.344e+01 ms
[step:      89300] loss:  5.294e-06, time/iteration:  4.434e+01 ms
[step:      89400] loss:  6.488e-06, time/iteration:  4.334e+01 ms
[step:      89500] loss:  5.648e-06, time/iteration:  4.337e+01 ms
[step:      89600] loss:  5.198e-06, time/iteration:  4.338e+01 ms
[step:      89700] loss:  5.915e-06, time/iteration:  4.334e+01 ms
[step:      89800] loss:  4.926e-06, time/iteration:  4.339e+01 ms
[step:      89900] loss:  5.140e-06, time/iteration:  4.336e+01 ms
[step:      90000] record constraint batch time:  5.957e-02s
[step:      90000] record validators time:  2.919e-01s
[step:      90000] saved checkpoint to /content/PhysicsNemo_DeepONet/Darcy_DeepONet/outputs
[step:      90000] loss:  6.139e-06, time/iteration:  4.809e+01 ms
[step:      90100] loss:  5.808e-06, time/iteration:  4.348e+01 ms
[step:      90200] loss:  5.754e-06, time/iteration:  4.335e+01 ms
[step:      90300] loss:  6.042e-06, time/iteration:  4.442e+01 ms
[step:      90400] loss:  4.227e-06, time/iteration:  4.337e+01 ms
[step:      90500] loss:  5.337e-06, time/iteration:  4.332e+01 ms
[step:      90600] loss:  6.043e-06, time/iteration:  4.340e+01 ms
[step:      90700] loss:  4.789e-06, time/iteration:  4.333e+01 ms
[step:      90800] loss:  4.832e-06, time/iteration:  4.332e+01 ms
[step:      90900] loss:  5.334e-06, time/iteration:  4.334e+01 ms
[step:      91000] record constraint batch time:  5.876e-02s
[step:      91000] record validators time:  3.031e-01s
[step:      91000] saved checkpoint to /content/PhysicsNemo_DeepONet/Darcy_DeepONet/outputs
[step:      91000] loss:  4.262e-06, time/iteration:  4.826e+01 ms
[step:      91100] loss:  5.608e-06, time/iteration:  4.339e+01 ms
[step:      91200] loss:  5.713e-06, time/iteration:  4.345e+01 ms
[step:      91300] loss:  5.475e-06, time/iteration:  4.431e+01 ms
[step:      91400] loss:  5.314e-06, time/iteration:  4.346e+01 ms
[step:      91500] loss:  4.398e-06, time/iteration:  4.334e+01 ms
[step:      91600] loss:  5.780e-06, time/iteration:  4.329e+01 ms
[step:      91700] loss:  6.140e-06, time/iteration:  4.344e+01 ms
[step:      91800] loss:  5.272e-06, time/iteration:  4.334e+01 ms
[step:      91900] loss:  5.746e-06, time/iteration:  4.337e+01 ms
[step:      92000] record constraint batch time:  5.830e-02s
[step:      92000] record validators time:  3.070e-01s
[step:      92000] saved checkpoint to /content/PhysicsNemo_DeepONet/Darcy_DeepONet/outputs
[step:      92000] loss:  3.858e-06, time/iteration:  4.832e+01 ms
[step:      92100] loss:  5.205e-06, time/iteration:  4.336e+01 ms
[step:      92200] loss:  5.504e-06, time/iteration:  4.430e+01 ms
[step:      92300] loss:  6.208e-06, time/iteration:  4.332e+01 ms
[step:      92400] loss:  5.707e-06, time/iteration:  4.329e+01 ms
[step:      92500] loss:  5.045e-06, time/iteration:  4.338e+01 ms
[step:      92600] loss:  4.558e-06, time/iteration:  4.339e+01 ms
[step:      92700] loss:  6.885e-06, time/iteration:  4.334e+01 ms
[step:      92800] loss:  4.507e-06, time/iteration:  4.339e+01 ms
[step:      92900] loss:  4.721e-06, time/iteration:  4.335e+01 ms
[step:      93000] record constraint batch time:  5.894e-02s
[step:      93000] record validators time:  3.139e-01s
[step:      93000] saved checkpoint to /content/PhysicsNemo_DeepONet/Darcy_DeepONet/outputs
[step:      93000] loss:  4.950e-06, time/iteration:  4.829e+01 ms
[step:      93100] loss:  4.962e-06, time/iteration:  4.342e+01 ms
[step:      93200] loss:  6.009e-06, time/iteration:  4.426e+01 ms
[step:      93300] loss:  4.683e-06, time/iteration:  4.332e+01 ms
[step:      93400] loss:  5.053e-06, time/iteration:  4.330e+01 ms
[step:      93500] loss:  5.539e-06, time/iteration:  4.332e+01 ms
[step:      93600] loss:  6.582e-06, time/iteration:  4.333e+01 ms
[step:      93700] loss:  5.489e-06, time/iteration:  4.334e+01 ms
[step:      93800] loss:  5.249e-06, time/iteration:  4.332e+01 ms
[step:      93900] loss:  5.079e-06, time/iteration:  4.341e+01 ms
[step:      94000] record constraint batch time:  5.877e-02s
[step:      94000] record validators time:  3.037e-01s
[step:      94000] saved checkpoint to /content/PhysicsNemo_DeepONet/Darcy_DeepONet/outputs
[step:      94000] loss:  5.232e-06, time/iteration:  4.817e+01 ms
[step:      94100] loss:  4.806e-06, time/iteration:  4.437e+01 ms
[step:      94200] loss:  5.706e-06, time/iteration:  4.341e+01 ms
[step:      94300] loss:  4.908e-06, time/iteration:  4.328e+01 ms
[step:      94400] loss:  4.632e-06, time/iteration:  4.340e+01 ms
[step:      94500] loss:  5.260e-06, time/iteration:  4.342e+01 ms
[step:      94600] loss:  5.261e-06, time/iteration:  4.337e+01 ms
[step:      94700] loss:  6.019e-06, time/iteration:  4.337e+01 ms
[step:      94800] loss:  4.731e-06, time/iteration:  4.335e+01 ms
[step:      94900] loss:  4.679e-06, time/iteration:  4.329e+01 ms
[step:      95000] record constraint batch time:  5.836e-02s
[step:      95000] record validators time:  3.043e-01s
[step:      95000] saved checkpoint to /content/PhysicsNemo_DeepONet/Darcy_DeepONet/outputs
[step:      95000] loss:  4.841e-06, time/iteration:  4.821e+01 ms
[step:      95100] loss:  5.277e-06, time/iteration:  4.431e+01 ms
[step:      95200] loss:  4.401e-06, time/iteration:  4.339e+01 ms
[step:      95300] loss:  4.194e-06, time/iteration:  4.348e+01 ms
[step:      95400] loss:  6.394e-06, time/iteration:  4.329e+01 ms
[step:      95500] loss:  6.116e-06, time/iteration:  4.339e+01 ms
[step:      95600] loss:  4.185e-06, time/iteration:  4.335e+01 ms
[step:      95700] loss:  5.430e-06, time/iteration:  4.327e+01 ms
[step:      95800] loss:  6.283e-06, time/iteration:  4.340e+01 ms
[step:      95900] loss:  4.386e-06, time/iteration:  4.351e+01 ms
[step:      96000] record constraint batch time:  5.851e-02s
[step:      96000] record validators time:  3.047e-01s
[step:      96000] saved checkpoint to /content/PhysicsNemo_DeepONet/Darcy_DeepONet/outputs
[step:      96000] loss:  5.108e-06, time/iteration:  4.823e+01 ms
[step:      96100] loss:  3.869e-06, time/iteration:  4.436e+01 ms
[step:      96200] loss:  4.803e-06, time/iteration:  4.333e+01 ms
[step:      96300] loss:  5.017e-06, time/iteration:  4.326e+01 ms
[step:      96400] loss:  4.318e-06, time/iteration:  4.342e+01 ms
[step:      96500] loss:  4.858e-06, time/iteration:  4.327e+01 ms
[step:      96600] loss:  4.377e-06, time/iteration:  4.333e+01 ms
[step:      96700] loss:  5.108e-06, time/iteration:  4.344e+01 ms
[step:      96800] loss:  5.435e-06, time/iteration:  4.329e+01 ms
[step:      96900] loss:  4.762e-06, time/iteration:  4.334e+01 ms
[step:      97000] record constraint batch time:  5.859e-02s
[step:      97000] record validators time:  3.101e-01s
[step:      97000] saved checkpoint to /content/PhysicsNemo_DeepONet/Darcy_DeepONet/outputs
[step:      97000] loss:  5.330e-06, time/iteration:  4.925e+01 ms
[step:      97100] loss:  4.847e-06, time/iteration:  4.337e+01 ms
[step:      97200] loss:  4.216e-06, time/iteration:  4.340e+01 ms
[step:      97300] loss:  5.237e-06, time/iteration:  4.333e+01 ms
[step:      97400] loss:  5.912e-06, time/iteration:  4.335e+01 ms
[step:      97500] loss:  4.917e-06, time/iteration:  4.338e+01 ms
[step:      97600] loss:  4.600e-06, time/iteration:  4.333e+01 ms
[step:      97700] loss:  4.573e-06, time/iteration:  4.329e+01 ms
[step:      97800] loss:  6.110e-06, time/iteration:  4.339e+01 ms
[step:      97900] loss:  3.936e-06, time/iteration:  4.332e+01 ms
[step:      98000] record constraint batch time:  5.905e-02s
[step:      98000] record validators time:  2.987e-01s
[step:      98000] saved checkpoint to /content/PhysicsNemo_DeepONet/Darcy_DeepONet/outputs
[step:      98000] loss:  4.813e-06, time/iteration:  4.924e+01 ms
[step:      98100] loss:  5.130e-06, time/iteration:  4.342e+01 ms
[step:      98200] loss:  5.900e-06, time/iteration:  4.330e+01 ms
[step:      98300] loss:  5.729e-06, time/iteration:  4.340e+01 ms
[step:      98400] loss:  4.703e-06, time/iteration:  4.326e+01 ms
[step:      98500] loss:  4.631e-06, time/iteration:  4.328e+01 ms
[step:      98600] loss:  4.934e-06, time/iteration:  4.341e+01 ms
[step:      98700] loss:  5.605e-06, time/iteration:  4.334e+01 ms
[step:      98800] loss:  5.373e-06, time/iteration:  4.333e+01 ms
[step:      98900] loss:  5.461e-06, time/iteration:  4.443e+01 ms
[step:      99000] record constraint batch time:  5.911e-02s
[step:      99000] record validators time:  3.035e-01s
[step:      99000] saved checkpoint to /content/PhysicsNemo_DeepONet/Darcy_DeepONet/outputs
[step:      99000] loss:  5.594e-06, time/iteration:  4.830e+01 ms
[step:      99100] loss:  4.861e-06, time/iteration:  4.339e+01 ms
[step:      99200] loss:  5.551e-06, time/iteration:  4.340e+01 ms
[step:      99300] loss:  6.212e-06, time/iteration:  4.333e+01 ms
[step:      99400] loss:  4.433e-06, time/iteration:  4.346e+01 ms
[step:      99500] loss:  5.102e-06, time/iteration:  4.336e+01 ms
[step:      99600] loss:  4.855e-06, time/iteration:  4.340e+01 ms
[step:      99700] loss:  5.059e-06, time/iteration:  4.345e+01 ms
[step:      99800] loss:  5.307e-06, time/iteration:  4.332e+01 ms
[step:      99900] loss:  6.450e-06, time/iteration:  4.433e+01 ms
[step:     100000] record constraint batch time:  5.861e-02s
[step:     100000] record validators time:  3.068e-01s
[step:     100000] saved checkpoint to /content/PhysicsNemo_DeepONet/Darcy_DeepONet/outputs
[step:     100000] loss:  5.744e-06, time/iteration:  4.840e+01 ms
[step:     100000] reached maximum training steps, finished training!
Success loading model: /content/PhysicsNemo_DeepONet/Darcy_DeepONet/outputs/deepo.0.pth
Success loading model: /content/PhysicsNemo_DeepONet/Darcy_DeepONet/outputs/deepo.0.pth
