Installed PyTorch version 2.8.0+cu126 is not TorchScript supported in PhysicsNeMo. Version 2.1.0a0+4136153 is officially supported.
attempting to restore from: /content/PhysicsNemo_DeepONet/Anti_derivative_DeepONet/phys_outputs
optimizer checkpoint not found
model deepo.0.pth not found
[step:          0] record constraint batch time:  5.415e-01s
[step:          0] record validators time:  4.266e-02s
[step:          0] saved checkpoint to /content/PhysicsNemo_DeepONet/Anti_derivative_DeepONet/phys_outputs
[step:          0] loss:  1.028e+04
Attempting cuda graph building, this may take a bit...
[step:        100] loss:  2.934e+02, time/iteration:  1.982e+02 ms
[step:        200] loss:  1.280e+02, time/iteration:  6.616e+01 ms
[step:        300] loss:  3.614e+01, time/iteration:  6.672e+01 ms
[step:        400] loss:  7.781e+01, time/iteration:  6.627e+01 ms
[step:        500] loss:  4.721e+01, time/iteration:  6.639e+01 ms
[step:        600] loss:  2.124e+01, time/iteration:  6.620e+01 ms
[step:        700] loss:  1.442e+01, time/iteration:  6.540e+01 ms
[step:        800] loss:  1.365e+01, time/iteration:  6.576e+01 ms
[step:        900] loss:  1.467e+01, time/iteration:  6.560e+01 ms
[step:       1000] record constraint batch time:  4.880e-01s
[step:       1000] record validators time:  3.755e-02s
[step:       1000] saved checkpoint to /content/PhysicsNemo_DeepONet/Anti_derivative_DeepONet/phys_outputs
[step:       1000] loss:  6.304e+00, time/iteration:  7.171e+01 ms
[step:       1100] loss:  7.796e+00, time/iteration:  6.630e+01 ms
[step:       1200] loss:  6.466e+00, time/iteration:  6.618e+01 ms
[step:       1300] loss:  5.974e+00, time/iteration:  6.604e+01 ms
[step:       1400] loss:  4.381e+00, time/iteration:  6.576e+01 ms
[step:       1500] loss:  3.331e+00, time/iteration:  6.582e+01 ms
[step:       1600] loss:  2.582e+00, time/iteration:  6.540e+01 ms
[step:       1700] loss:  1.910e+00, time/iteration:  6.547e+01 ms
[step:       1800] loss:  3.013e+00, time/iteration:  6.563e+01 ms
[step:       1900] loss:  3.840e+00, time/iteration:  6.533e+01 ms
[step:       2000] record constraint batch time:  4.765e-01s
[step:       2000] record validators time:  3.618e-02s
[step:       2000] saved checkpoint to /content/PhysicsNemo_DeepONet/Anti_derivative_DeepONet/phys_outputs
[step:       2000] loss:  2.072e+00, time/iteration:  7.103e+01 ms
[step:       2100] loss:  1.530e+00, time/iteration:  6.537e+01 ms
[step:       2200] loss:  1.269e+00, time/iteration:  6.533e+01 ms
[step:       2300] loss:  1.061e+00, time/iteration:  6.539e+01 ms
[step:       2400] loss:  6.399e-01, time/iteration:  6.527e+01 ms
[step:       2500] loss:  4.543e-01, time/iteration:  6.531e+01 ms
[step:       2600] loss:  4.486e-01, time/iteration:  6.514e+01 ms
[step:       2700] loss:  4.603e-01, time/iteration:  6.531e+01 ms
[step:       2800] loss:  3.378e-01, time/iteration:  6.554e+01 ms
[step:       2900] loss:  3.596e-01, time/iteration:  6.558e+01 ms
[step:       3000] record constraint batch time:  4.808e-01s
[step:       3000] record validators time:  3.870e-02s
[step:       3000] saved checkpoint to /content/PhysicsNemo_DeepONet/Anti_derivative_DeepONet/phys_outputs
[step:       3000] loss:  2.990e-01, time/iteration:  7.124e+01 ms
[step:       3100] loss:  3.079e-01, time/iteration:  6.543e+01 ms
[step:       3200] loss:  2.735e-01, time/iteration:  6.556e+01 ms
[step:       3300] loss:  2.625e-01, time/iteration:  6.573e+01 ms
[step:       3400] loss:  2.442e-01, time/iteration:  6.576e+01 ms
[step:       3500] loss:  2.247e-01, time/iteration:  6.541e+01 ms
[step:       3600] loss:  2.220e-01, time/iteration:  6.564e+01 ms
[step:       3700] loss:  2.267e-01, time/iteration:  6.543e+01 ms
[step:       3800] loss:  2.133e-01, time/iteration:  6.558e+01 ms
[step:       3900] loss:  2.184e-01, time/iteration:  6.548e+01 ms
[step:       4000] record constraint batch time:  4.791e-01s
[step:       4000] record validators time:  3.689e-02s
[step:       4000] saved checkpoint to /content/PhysicsNemo_DeepONet/Anti_derivative_DeepONet/phys_outputs
[step:       4000] loss:  2.063e-01, time/iteration:  7.122e+01 ms
[step:       4100] loss:  2.074e-01, time/iteration:  6.549e+01 ms
[step:       4200] loss:  2.002e-01, time/iteration:  6.546e+01 ms
[step:       4300] loss:  1.901e-01, time/iteration:  6.547e+01 ms
[step:       4400] loss:  1.997e-01, time/iteration:  6.575e+01 ms
[step:       4500] loss:  2.027e-01, time/iteration:  6.527e+01 ms
[step:       4600] loss:  1.944e-01, time/iteration:  6.542e+01 ms
[step:       4700] loss:  1.955e-01, time/iteration:  6.532e+01 ms
[step:       4800] loss:  1.836e-01, time/iteration:  6.542e+01 ms
[step:       4900] loss:  1.902e-01, time/iteration:  6.555e+01 ms
[step:       5000] record constraint batch time:  4.786e-01s
[step:       5000] record validators time:  3.724e-02s
[step:       5000] saved checkpoint to /content/PhysicsNemo_DeepONet/Anti_derivative_DeepONet/phys_outputs
[step:       5000] loss:  1.855e-01, time/iteration:  7.128e+01 ms
[step:       5100] loss:  1.825e-01, time/iteration:  6.556e+01 ms
[step:       5200] loss:  1.845e-01, time/iteration:  6.531e+01 ms
[step:       5300] loss:  1.825e-01, time/iteration:  6.539e+01 ms
[step:       5400] loss:  1.920e-01, time/iteration:  6.533e+01 ms
[step:       5500] loss:  1.845e-01, time/iteration:  6.525e+01 ms
[step:       5600] loss:  1.868e-01, time/iteration:  6.552e+01 ms
[step:       5700] loss:  1.766e-01, time/iteration:  6.556e+01 ms
[step:       5800] loss:  1.890e-01, time/iteration:  6.556e+01 ms
[step:       5900] loss:  1.753e-01, time/iteration:  6.551e+01 ms
[step:       6000] record constraint batch time:  4.808e-01s
[step:       6000] record validators time:  3.736e-02s
[step:       6000] saved checkpoint to /content/PhysicsNemo_DeepONet/Anti_derivative_DeepONet/phys_outputs
[step:       6000] loss:  1.806e-01, time/iteration:  7.154e+01 ms
[step:       6100] loss:  1.811e-01, time/iteration:  6.552e+01 ms
[step:       6200] loss:  1.817e-01, time/iteration:  6.542e+01 ms
[step:       6300] loss:  1.784e-01, time/iteration:  6.557e+01 ms
[step:       6400] loss:  1.766e-01, time/iteration:  6.561e+01 ms
[step:       6500] loss:  1.795e-01, time/iteration:  6.560e+01 ms
[step:       6600] loss:  1.812e-01, time/iteration:  6.581e+01 ms
[step:       6700] loss:  1.660e-01, time/iteration:  6.594e+01 ms
[step:       6800] loss:  1.748e-01, time/iteration:  6.691e+01 ms
[step:       6900] loss:  1.756e-01, time/iteration:  6.613e+01 ms
[step:       7000] record constraint batch time:  4.814e-01s
[step:       7000] record validators time:  3.692e-02s
[step:       7000] saved checkpoint to /content/PhysicsNemo_DeepONet/Anti_derivative_DeepONet/phys_outputs
[step:       7000] loss:  1.849e-01, time/iteration:  7.193e+01 ms
[step:       7100] loss:  1.803e-01, time/iteration:  6.594e+01 ms
[step:       7200] loss:  1.834e-01, time/iteration:  6.533e+01 ms
[step:       7300] loss:  1.760e-01, time/iteration:  6.562e+01 ms
[step:       7400] loss:  1.749e-01, time/iteration:  6.645e+01 ms
[step:       7500] loss:  1.805e-01, time/iteration:  6.613e+01 ms
[step:       7600] loss:  1.736e-01, time/iteration:  6.617e+01 ms
[step:       7700] loss:  1.758e-01, time/iteration:  6.586e+01 ms
[step:       7800] loss:  1.723e-01, time/iteration:  6.607e+01 ms
[step:       7900] loss:  1.790e-01, time/iteration:  6.598e+01 ms
[step:       8000] record constraint batch time:  4.804e-01s
[step:       8000] record validators time:  3.837e-02s
[step:       8000] saved checkpoint to /content/PhysicsNemo_DeepONet/Anti_derivative_DeepONet/phys_outputs
[step:       8000] loss:  1.740e-01, time/iteration:  7.143e+01 ms
[step:       8100] loss:  1.808e-01, time/iteration:  6.551e+01 ms
[step:       8200] loss:  1.712e-01, time/iteration:  6.529e+01 ms
[step:       8300] loss:  1.773e-01, time/iteration:  6.595e+01 ms
[step:       8400] loss:  1.755e-01, time/iteration:  6.593e+01 ms
[step:       8500] loss:  1.735e-01, time/iteration:  6.574e+01 ms
[step:       8600] loss:  1.759e-01, time/iteration:  6.598e+01 ms
[step:       8700] loss:  1.756e-01, time/iteration:  6.586e+01 ms
[step:       8800] loss:  1.743e-01, time/iteration:  6.604e+01 ms
[step:       8900] loss:  1.723e-01, time/iteration:  6.571e+01 ms
[step:       9000] record constraint batch time:  4.789e-01s
[step:       9000] record validators time:  3.657e-02s
[step:       9000] saved checkpoint to /content/PhysicsNemo_DeepONet/Anti_derivative_DeepONet/phys_outputs
[step:       9000] loss:  1.664e-01, time/iteration:  7.158e+01 ms
[step:       9100] loss:  1.738e-01, time/iteration:  6.600e+01 ms
[step:       9200] loss:  1.796e-01, time/iteration:  6.577e+01 ms
[step:       9300] loss:  1.666e-01, time/iteration:  6.633e+01 ms
[step:       9400] loss:  1.785e-01, time/iteration:  6.569e+01 ms
[step:       9500] loss:  1.756e-01, time/iteration:  6.590e+01 ms
[step:       9600] loss:  1.764e-01, time/iteration:  6.576e+01 ms
[step:       9700] loss:  1.761e-01, time/iteration:  6.581e+01 ms
[step:       9800] loss:  1.798e-01, time/iteration:  6.601e+01 ms
[step:       9900] loss:  1.643e-01, time/iteration:  6.595e+01 ms
[step:      10000] record constraint batch time:  4.795e-01s
[step:      10000] record validators time:  3.639e-02s
[step:      10000] saved checkpoint to /content/PhysicsNemo_DeepONet/Anti_derivative_DeepONet/phys_outputs
[step:      10000] loss:  1.756e-01, time/iteration:  7.193e+01 ms
[step:      10000] reached maximum training steps, finished training!
